{"meta": {"format": 3, "version": "7.13.4", "timestamp": "2026-03-07T13:12:31.852768", "branch_coverage": false, "show_contexts": false}, "files": {"quickscale_cli/src/quickscale_cli/__init__.py": {"executed_lines": [8, 10, 12, 13, 16, 17, 27, 28, 34], "summary": {"covered_lines": 9, "num_statements": 15, "percent_covered": 60.0, "percent_covered_display": "60", "missing_lines": 6, "excluded_lines": 0, "percent_statements_covered": 60.0, "percent_statements_covered_display": "60"}, "missing_lines": [18, 19, 20, 21, 22, 24], "excluded_lines": [], "functions": {"": {"executed_lines": [8, 10, 12, 13, 16, 17, 27, 28, 34], "summary": {"covered_lines": 9, "num_statements": 15, "percent_covered": 60.0, "percent_covered_display": "60", "missing_lines": 6, "excluded_lines": 0, "percent_statements_covered": 60.0, "percent_statements_covered_display": "60"}, "missing_lines": [18, 19, 20, 21, 22, 24], "excluded_lines": [], "start_line": 1}}, "classes": {"": {"executed_lines": [8, 10, 12, 13, 16, 17, 27, 28, 34], "summary": {"covered_lines": 9, "num_statements": 15, "percent_covered": 60.0, "percent_covered_display": "60", "missing_lines": 6, "excluded_lines": 0, "percent_statements_covered": 60.0, "percent_statements_covered_display": "60"}, "missing_lines": [18, 19, 20, 21, 22, 24], "excluded_lines": [], "start_line": 1}}}, "quickscale_cli/src/quickscale_cli/_version.py": {"executed_lines": [2], "summary": {"covered_lines": 1, "num_statements": 1, "percent_covered": 100.0, "percent_covered_display": "100", "missing_lines": 0, "excluded_lines": 0, "percent_statements_covered": 100.0, "percent_statements_covered_display": "100"}, "missing_lines": [], "excluded_lines": [], "functions": {"": {"executed_lines": [2], "summary": {"covered_lines": 1, "num_statements": 1, "percent_covered": 100.0, "percent_covered_display": "100", "missing_lines": 0, "excluded_lines": 0, "percent_statements_covered": 100.0, "percent_statements_covered_display": "100"}, "missing_lines": [], "excluded_lines": [], "start_line": 1}}, "classes": {"": {"executed_lines": [2], "summary": {"covered_lines": 1, "num_statements": 1, "percent_covered": 100.0, "percent_covered_display": "100", "missing_lines": 0, "excluded_lines": 0, "percent_statements_covered": 100.0, "percent_statements_covered_display": "100"}, "missing_lines": [], "excluded_lines": [], "start_line": 1}}}, "quickscale_cli/src/quickscale_cli/commands/__init__.py": {"executed_lines": [], "summary": {"covered_lines": 0, "num_statements": 0, "percent_covered": 100.0, "percent_covered_display": "100", "missing_lines": 0, "excluded_lines": 0, "percent_statements_covered": 100.0, "percent_statements_covered_display": "100"}, "missing_lines": [], "excluded_lines": [], "functions": {"": {"executed_lines": [], "summary": {"covered_lines": 0, "num_statements": 0, "percent_covered": 100.0, "percent_covered_display": "100", "missing_lines": 0, "excluded_lines": 0, "percent_statements_covered": 100.0, "percent_statements_covered_display": "100"}, "missing_lines": [], "excluded_lines": [], "start_line": 1}}, "classes": {"": {"executed_lines": [], "summary": {"covered_lines": 0, "num_statements": 0, "percent_covered": 100.0, "percent_covered_display": "100", "missing_lines": 0, "excluded_lines": 0, "percent_statements_covered": 100.0, "percent_statements_covered_display": "100"}, "missing_lines": [], "excluded_lines": [], "start_line": 1}}}, "quickscale_cli/src/quickscale_cli/commands/apply_command.py": {"executed_lines": [6, 7, 8, 9, 10, 12, 14, 15, 16, 21, 22, 28, 29, 30, 31, 32, 35, 36, 48, 49, 54, 57, 75, 76, 77, 84, 85, 86, 88, 89, 90, 91, 92, 93, 94, 95, 96, 97, 100, 102, 103, 109, 110, 115, 119, 120, 124, 126, 128, 129, 135, 136, 137, 138, 143, 144, 145, 146, 147, 148, 149, 150, 153, 155, 160, 163, 166, 171, 172, 175, 180, 183, 189, 191, 192, 200, 201, 202, 204, 205, 206, 207, 208, 211, 213, 220, 222, 229, 231, 238, 251, 252, 253, 255, 257, 258, 259, 260, 266, 267, 268, 269, 271, 272, 273, 274, 275, 276, 277, 278, 280, 286, 289, 293, 294, 295, 296, 297, 298, 301, 311, 312, 314, 316, 317, 318, 319, 322, 323, 324, 326, 327, 329, 330, 332, 335, 342, 343, 345, 350, 352, 353, 354, 355, 357, 358, 361, 362, 363, 364, 365, 367, 370, 376, 377, 379, 380, 381, 382, 385, 387, 388, 391, 395, 397, 398, 399, 400, 401, 402, 403, 404, 405, 406, 409, 411, 412, 413, 414, 417, 419, 420, 421, 422, 423, 424, 426, 427, 432, 436, 437, 439, 440, 442, 443, 446, 448, 449, 451, 452, 457, 460, 461, 464, 468, 469, 470, 472, 473, 474, 475, 477, 478, 479, 481, 482, 487, 491, 493, 499, 503, 504, 505, 506, 513, 514, 517, 524, 525, 527, 529, 530, 531, 532, 535, 537, 538, 540, 541, 542, 544, 545, 546, 551, 552, 554, 555, 558, 560, 561, 562, 564, 569, 575, 576, 579, 590, 591, 594, 602, 610, 611, 618, 625, 627, 628, 629, 630, 632, 634, 635, 640, 641, 642, 647, 653, 654, 656, 659, 661, 662, 664, 665, 668, 676, 677, 679, 680, 692, 693, 695, 696, 704, 705, 706, 709, 711, 712, 713, 714, 717, 724, 725, 726, 728, 729, 730, 732, 733, 734, 735, 736, 738, 739, 740, 742, 743, 744, 746, 749, 756, 759, 762, 763, 766, 767, 768, 773, 775, 786, 791, 792, 793, 801, 802, 804, 809, 815, 816, 817, 823, 825, 826, 827, 828, 829, 830, 831, 832, 833, 834, 837, 845, 846, 847, 850, 851, 852, 853, 855, 858, 859, 862, 871, 872, 874, 877, 879, 895, 909, 913, 919, 926, 927, 928, 931, 932, 939, 943, 947, 948, 949, 950, 957, 961, 964, 973, 976, 977, 983, 989, 994, 999, 1004, 1033, 1036, 1039, 1042, 1045, 1046, 1052, 1058, 1059, 1060, 1063], "summary": {"covered_lines": 405, "num_statements": 422, "percent_covered": 95.97156398104265, "percent_covered_display": "96", "missing_lines": 17, "excluded_lines": 0, "percent_statements_covered": 95.97156398104265, "percent_statements_covered_display": "96"}, "missing_lines": [510, 511, 533, 547, 548, 550, 707, 796, 819, 820, 881, 888, 892, 896, 903, 907, 920], "excluded_lines": [], "functions": {"_run_command": {"executed_lines": [75, 76, 77, 84, 85, 86, 88, 89, 90, 91, 92, 93, 94, 95, 96, 97], "summary": {"covered_lines": 16, "num_statements": 16, "percent_covered": 100.0, "percent_covered_display": "100", "missing_lines": 0, "excluded_lines": 0, "percent_statements_covered": 100.0, "percent_statements_covered_display": "100"}, "missing_lines": [], "excluded_lines": [], "start_line": 57}, "_generate_project": {"executed_lines": [102, 103, 109, 110, 115, 119, 120, 124, 126, 128, 129, 135, 136, 137, 138, 143, 144, 145, 146, 147, 148, 149, 150], "summary": {"covered_lines": 23, "num_statements": 23, "percent_covered": 100.0, "percent_covered_display": "100", "missing_lines": 0, "excluded_lines": 0, "percent_statements_covered": 100.0, "percent_statements_covered_display": "100"}, "missing_lines": [], "excluded_lines": [], "start_line": 100}, "_init_git": {"executed_lines": [155, 160], "summary": {"covered_lines": 2, "num_statements": 2, "percent_covered": 100.0, "percent_covered_display": "100", "missing_lines": 0, "excluded_lines": 0, "percent_statements_covered": 100.0, "percent_statements_covered_display": "100"}, "missing_lines": [], "excluded_lines": [], "start_line": 153}, "_git_commit": {"executed_lines": [166, 171, 172, 175, 180], "summary": {"covered_lines": 5, "num_statements": 5, "percent_covered": 100.0, "percent_covered_display": "100", "missing_lines": 0, "excluded_lines": 0, "percent_statements_covered": 100.0, "percent_statements_covered_display": "100"}, "missing_lines": [], "excluded_lines": [], "start_line": 163}, "_embed_module": {"executed_lines": [189, 191, 192, 200, 201, 202, 204, 205, 206, 207, 208], "summary": {"covered_lines": 11, "num_statements": 11, "percent_covered": 100.0, "percent_covered_display": "100", "missing_lines": 0, "excluded_lines": 0, "percent_statements_covered": 100.0, "percent_statements_covered_display": "100"}, "missing_lines": [], "excluded_lines": [], "start_line": 183}, "_run_poetry_install": {"executed_lines": [213], "summary": {"covered_lines": 1, "num_statements": 1, "percent_covered": 100.0, "percent_covered_display": "100", "missing_lines": 0, "excluded_lines": 0, "percent_statements_covered": 100.0, "percent_statements_covered_display": "100"}, "missing_lines": [], "excluded_lines": [], "start_line": 211}, "_run_migrations": {"executed_lines": [222], "summary": {"covered_lines": 1, "num_statements": 1, "percent_covered": 100.0, "percent_covered_display": "100", "missing_lines": 0, "excluded_lines": 0, "percent_statements_covered": 100.0, "percent_statements_covered_display": "100"}, "missing_lines": [], "excluded_lines": [], "start_line": 220}, "_run_migrations_in_docker": {"executed_lines": [231], "summary": {"covered_lines": 1, "num_statements": 1, "percent_covered": 100.0, "percent_covered_display": "100", "missing_lines": 0, "excluded_lines": 0, "percent_statements_covered": 100.0, "percent_statements_covered_display": "100"}, "missing_lines": [], "excluded_lines": [], "start_line": 229}, "_start_docker": {"executed_lines": [251, 252, 253, 255, 257, 258, 259, 260, 266, 267, 268, 269, 271, 272, 273, 274, 275, 276, 277, 278, 280, 286], "summary": {"covered_lines": 22, "num_statements": 22, "percent_covered": 100.0, "percent_covered_display": "100", "missing_lines": 0, "excluded_lines": 0, "percent_statements_covered": 100.0, "percent_statements_covered_display": "100"}, "missing_lines": [], "excluded_lines": [], "start_line": 238}, "_load_module_manifests": {"executed_lines": [293, 294, 295, 296, 297, 298], "summary": {"covered_lines": 6, "num_statements": 6, "percent_covered": 100.0, "percent_covered_display": "100", "missing_lines": 0, "excluded_lines": 0, "percent_statements_covered": 100.0, "percent_statements_covered_display": "100"}, "missing_lines": [], "excluded_lines": [], "start_line": 289}, "_apply_mutable_config": {"executed_lines": [311, 312, 314, 316, 317, 318, 319, 322, 323, 324, 326, 327, 329, 330, 332], "summary": {"covered_lines": 15, "num_statements": 15, "percent_covered": 100.0, "percent_covered_display": "100", "missing_lines": 0, "excluded_lines": 0, "percent_statements_covered": 100.0, "percent_statements_covered_display": "100"}, "missing_lines": [], "excluded_lines": [], "start_line": 301}, "_check_immutable_config_changes": {"executed_lines": [342, 343, 345, 350, 352, 353, 354, 355, 357, 358, 361, 362, 363, 364, 365, 367], "summary": {"covered_lines": 16, "num_statements": 16, "percent_covered": 100.0, "percent_covered_display": "100", "missing_lines": 0, "excluded_lines": 0, "percent_statements_covered": 100.0, "percent_statements_covered_display": "100"}, "missing_lines": [], "excluded_lines": [], "start_line": 335}, "_update_module_config_in_state": {"executed_lines": [376, 377, 379, 380, 381, 382], "summary": {"covered_lines": 6, "num_statements": 6, "percent_covered": 100.0, "percent_covered_display": "100", "missing_lines": 0, "excluded_lines": 0, "percent_statements_covered": 100.0, "percent_statements_covered_display": "100"}, "missing_lines": [], "excluded_lines": [], "start_line": 370}, "_load_and_validate_config": {"executed_lines": [387, 388, 391, 395, 397, 398, 399, 400, 401, 402, 403, 404, 405, 406], "summary": {"covered_lines": 14, "num_statements": 14, "percent_covered": 100.0, "percent_covered_display": "100", "missing_lines": 0, "excluded_lines": 0, "percent_statements_covered": 100.0, "percent_statements_covered_display": "100"}, "missing_lines": [], "excluded_lines": [], "start_line": 385}, "_determine_output_path": {"executed_lines": [411, 412, 413, 414], "summary": {"covered_lines": 4, "num_statements": 4, "percent_covered": 100.0, "percent_covered_display": "100", "missing_lines": 0, "excluded_lines": 0, "percent_statements_covered": 100.0, "percent_statements_covered_display": "100"}, "missing_lines": [], "excluded_lines": [], "start_line": 409}, "_display_config_summary": {"executed_lines": [419, 420, 421, 422, 423, 424, 426, 427], "summary": {"covered_lines": 8, "num_statements": 8, "percent_covered": 100.0, "percent_covered_display": "100", "missing_lines": 0, "excluded_lines": 0, "percent_statements_covered": 100.0, "percent_statements_covered_display": "100"}, "missing_lines": [], "excluded_lines": [], "start_line": 417}, "_handle_delta_and_existing_state": {"executed_lines": [436, 437, 439, 440, 442, 443, 446, 448, 449, 451, 452, 457, 460, 461], "summary": {"covered_lines": 14, "num_statements": 14, "percent_covered": 100.0, "percent_covered_display": "100", "missing_lines": 0, "excluded_lines": 0, "percent_statements_covered": 100.0, "percent_statements_covered_display": "100"}, "missing_lines": [], "excluded_lines": [], "start_line": 432}, "_check_output_directory": {"executed_lines": [468, 469, 470, 472, 473, 474, 475, 477, 478, 479, 481, 482, 487, 491, 493], "summary": {"covered_lines": 15, "num_statements": 15, "percent_covered": 100.0, "percent_covered_display": "100", "missing_lines": 0, "excluded_lines": 0, "percent_statements_covered": 100.0, "percent_statements_covered_display": "100"}, "missing_lines": [], "excluded_lines": [], "start_line": 464}, "_generate_new_project": {"executed_lines": [503, 504, 505, 506, 513, 514], "summary": {"covered_lines": 6, "num_statements": 8, "percent_covered": 75.0, "percent_covered_display": "75", "missing_lines": 2, "excluded_lines": 0, "percent_statements_covered": 75.0, "percent_statements_covered_display": "75"}, "missing_lines": [510, 511], "excluded_lines": [], "start_line": 499}, "_generate_with_existing_config": {"executed_lines": [524, 525, 527, 529, 530, 531, 532, 535, 537, 538, 540, 541, 542, 544, 545, 546, 551, 552, 554, 555], "summary": {"covered_lines": 20, "num_statements": 24, "percent_covered": 83.33333333333333, "percent_covered_display": "83", "missing_lines": 4, "excluded_lines": 0, "percent_statements_covered": 83.33333333333333, "percent_statements_covered_display": "83"}, "missing_lines": [533, 547, 548, 550], "excluded_lines": [], "start_line": 517}, "_init_git_with_config": {"executed_lines": [560, 561, 562, 564, 569, 575, 576], "summary": {"covered_lines": 7, "num_statements": 7, "percent_covered": 100.0, "percent_covered_display": "100", "missing_lines": 0, "excluded_lines": 0, "percent_statements_covered": 100.0, "percent_statements_covered_display": "100"}, "missing_lines": [], "excluded_lines": [], "start_line": 558}, "_commit_pending_config_changes": {"executed_lines": [590, 591, 594, 602, 610, 611], "summary": {"covered_lines": 6, "num_statements": 6, "percent_covered": 100.0, "percent_covered_display": "100", "missing_lines": 0, "excluded_lines": 0, "percent_statements_covered": 100.0, "percent_statements_covered_display": "100"}, "missing_lines": [], "excluded_lines": [], "start_line": 579}, "_embed_modules_step": {"executed_lines": [625, 627, 628, 629, 630, 632, 634, 635, 640, 641, 642, 647, 653, 654, 656], "summary": {"covered_lines": 15, "num_statements": 15, "percent_covered": 100.0, "percent_covered_display": "100", "missing_lines": 0, "excluded_lines": 0, "percent_statements_covered": 100.0, "percent_statements_covered_display": "100"}, "missing_lines": [], "excluded_lines": [], "start_line": 618}, "_run_post_generation_steps": {"executed_lines": [661, 662, 664, 665], "summary": {"covered_lines": 4, "num_statements": 4, "percent_covered": 100.0, "percent_covered_display": "100", "missing_lines": 0, "excluded_lines": 0, "percent_statements_covered": 100.0, "percent_statements_covered_display": "100"}, "missing_lines": [], "excluded_lines": [], "start_line": 659}, "_save_project_state": {"executed_lines": [676, 677, 679, 680, 692, 693, 695, 696, 704, 705, 706, 709, 711, 712, 713, 714], "summary": {"covered_lines": 16, "num_statements": 17, "percent_covered": 94.11764705882354, "percent_covered_display": "94", "missing_lines": 1, "excluded_lines": 0, "percent_statements_covered": 94.11764705882354, "percent_statements_covered_display": "94"}, "missing_lines": [707], "excluded_lines": [], "start_line": 668}, "_display_next_steps": {"executed_lines": [724, 725, 726, 728, 729, 730, 732, 733, 734, 735, 736, 738, 739, 740, 742, 743, 744, 746], "summary": {"covered_lines": 18, "num_statements": 18, "percent_covered": 100.0, "percent_covered_display": "100", "missing_lines": 0, "excluded_lines": 0, "percent_statements_covered": 100.0, "percent_statements_covered_display": "100"}, "missing_lines": [], "excluded_lines": [], "start_line": 717}, "_prepare_apply_context": {"executed_lines": [756, 759, 762, 763, 766, 767, 768, 773, 775], "summary": {"covered_lines": 9, "num_statements": 9, "percent_covered": 100.0, "percent_covered_display": "100", "missing_lines": 0, "excluded_lines": 0, "percent_statements_covered": 100.0, "percent_statements_covered_display": "100"}, "missing_lines": [], "excluded_lines": [], "start_line": 749}, "_regenerate_managed_wiring_for_apply": {"executed_lines": [791, 792, 793, 801, 802, 804, 809, 815, 816, 817], "summary": {"covered_lines": 10, "num_statements": 13, "percent_covered": 76.92307692307692, "percent_covered_display": "77", "missing_lines": 3, "excluded_lines": 0, "percent_statements_covered": 76.92307692307692, "percent_statements_covered_display": "77"}, "missing_lines": [796, 819, 820], "excluded_lines": [], "start_line": 786}, "_print_apply_failure_summary": {"executed_lines": [825, 826, 827, 828, 829, 830, 831, 832, 833, 834], "summary": {"covered_lines": 10, "num_statements": 10, "percent_covered": 100.0, "percent_covered_display": "100", "missing_lines": 0, "excluded_lines": 0, "percent_statements_covered": 100.0, "percent_statements_covered_display": "100"}, "missing_lines": [], "excluded_lines": [], "start_line": 823}, "_execute_apply_steps": {"executed_lines": [845, 846, 847, 850, 851, 852, 853, 855, 858, 859, 862, 871, 872, 874, 877, 879, 895, 909, 913, 919, 926, 927, 928, 931, 932, 939, 943, 947, 948, 949, 950, 957, 961, 964, 973], "summary": {"covered_lines": 35, "num_statements": 42, "percent_covered": 83.33333333333333, "percent_covered_display": "83", "missing_lines": 7, "excluded_lines": 0, "percent_statements_covered": 83.33333333333333, "percent_statements_covered_display": "83"}, "missing_lines": [881, 888, 892, 896, 903, 907, 920], "excluded_lines": [], "start_line": 837}, "apply": {"executed_lines": [1033, 1036, 1039, 1042, 1045, 1046, 1052, 1058, 1059, 1060, 1063], "summary": {"covered_lines": 11, "num_statements": 11, "percent_covered": 100.0, "percent_covered_display": "100", "missing_lines": 0, "excluded_lines": 0, "percent_statements_covered": 100.0, "percent_statements_covered_display": "100"}, "missing_lines": [], "excluded_lines": [], "start_line": 1004}, "": {"executed_lines": [6, 7, 8, 9, 10, 12, 14, 15, 16, 21, 22, 28, 29, 30, 31, 32, 35, 36, 48, 49, 54, 57, 100, 153, 163, 183, 211, 220, 229, 238, 289, 301, 335, 370, 385, 409, 417, 432, 464, 499, 517, 558, 579, 618, 659, 668, 717, 749, 786, 823, 837, 976, 977, 983, 989, 994, 999, 1004], "summary": {"covered_lines": 58, "num_statements": 58, "percent_covered": 100.0, "percent_covered_display": "100", "missing_lines": 0, "excluded_lines": 0, "percent_statements_covered": 100.0, "percent_statements_covered_display": "100"}, "missing_lines": [], "excluded_lines": [], "start_line": 1}}, "classes": {"ApplyContext": {"executed_lines": [], "summary": {"covered_lines": 0, "num_statements": 0, "percent_covered": 100.0, "percent_covered_display": "100", "missing_lines": 0, "excluded_lines": 0, "percent_statements_covered": 100.0, "percent_statements_covered_display": "100"}, "missing_lines": [], "excluded_lines": [], "start_line": 36}, "EmbedModulesResult": {"executed_lines": [], "summary": {"covered_lines": 0, "num_statements": 0, "percent_covered": 100.0, "percent_covered_display": "100", "missing_lines": 0, "excluded_lines": 0, "percent_statements_covered": 100.0, "percent_statements_covered_display": "100"}, "missing_lines": [], "excluded_lines": [], "start_line": 49}, "": {"executed_lines": [6, 7, 8, 9, 10, 12, 14, 15, 16, 21, 22, 28, 29, 30, 31, 32, 35, 36, 48, 49, 54, 57, 75, 76, 77, 84, 85, 86, 88, 89, 90, 91, 92, 93, 94, 95, 96, 97, 100, 102, 103, 109, 110, 115, 119, 120, 124, 126, 128, 129, 135, 136, 137, 138, 143, 144, 145, 146, 147, 148, 149, 150, 153, 155, 160, 163, 166, 171, 172, 175, 180, 183, 189, 191, 192, 200, 201, 202, 204, 205, 206, 207, 208, 211, 213, 220, 222, 229, 231, 238, 251, 252, 253, 255, 257, 258, 259, 260, 266, 267, 268, 269, 271, 272, 273, 274, 275, 276, 277, 278, 280, 286, 289, 293, 294, 295, 296, 297, 298, 301, 311, 312, 314, 316, 317, 318, 319, 322, 323, 324, 326, 327, 329, 330, 332, 335, 342, 343, 345, 350, 352, 353, 354, 355, 357, 358, 361, 362, 363, 364, 365, 367, 370, 376, 377, 379, 380, 381, 382, 385, 387, 388, 391, 395, 397, 398, 399, 400, 401, 402, 403, 404, 405, 406, 409, 411, 412, 413, 414, 417, 419, 420, 421, 422, 423, 424, 426, 427, 432, 436, 437, 439, 440, 442, 443, 446, 448, 449, 451, 452, 457, 460, 461, 464, 468, 469, 470, 472, 473, 474, 475, 477, 478, 479, 481, 482, 487, 491, 493, 499, 503, 504, 505, 506, 513, 514, 517, 524, 525, 527, 529, 530, 531, 532, 535, 537, 538, 540, 541, 542, 544, 545, 546, 551, 552, 554, 555, 558, 560, 561, 562, 564, 569, 575, 576, 579, 590, 591, 594, 602, 610, 611, 618, 625, 627, 628, 629, 630, 632, 634, 635, 640, 641, 642, 647, 653, 654, 656, 659, 661, 662, 664, 665, 668, 676, 677, 679, 680, 692, 693, 695, 696, 704, 705, 706, 709, 711, 712, 713, 714, 717, 724, 725, 726, 728, 729, 730, 732, 733, 734, 735, 736, 738, 739, 740, 742, 743, 744, 746, 749, 756, 759, 762, 763, 766, 767, 768, 773, 775, 786, 791, 792, 793, 801, 802, 804, 809, 815, 816, 817, 823, 825, 826, 827, 828, 829, 830, 831, 832, 833, 834, 837, 845, 846, 847, 850, 851, 852, 853, 855, 858, 859, 862, 871, 872, 874, 877, 879, 895, 909, 913, 919, 926, 927, 928, 931, 932, 939, 943, 947, 948, 949, 950, 957, 961, 964, 973, 976, 977, 983, 989, 994, 999, 1004, 1033, 1036, 1039, 1042, 1045, 1046, 1052, 1058, 1059, 1060, 1063], "summary": {"covered_lines": 405, "num_statements": 422, "percent_covered": 95.97156398104265, "percent_covered_display": "96", "missing_lines": 17, "excluded_lines": 0, "percent_statements_covered": 95.97156398104265, "percent_statements_covered_display": "96"}, "missing_lines": [510, 511, 533, 547, 548, 550, 707, 796, 819, 820, 881, 888, 892, 896, 903, 907, 920], "excluded_lines": [], "start_line": 1}}}, "quickscale_cli/src/quickscale_cli/commands/deployment_commands.py": {"executed_lines": [3, 5, 7, 33, 34, 39, 41, 42, 43, 44, 45, 46, 47, 48, 50, 53, 55, 56, 57, 58, 59, 60, 62, 63, 64, 65, 66, 67, 70, 72, 73, 74, 75, 76, 77, 78, 79, 80, 81, 82, 83, 84, 86, 89, 91, 92, 93, 94, 95, 98, 99, 100, 101, 102, 104, 105, 106, 110, 111, 112, 113, 115, 116, 120, 123, 125, 126, 128, 129, 130, 131, 132, 135, 137, 138, 139, 140, 142, 143, 144, 145, 146, 148, 149, 152, 154, 155, 156, 158, 159, 163, 164, 166, 167, 168, 170, 171, 172, 173, 174, 176, 179, 181, 182, 183, 184, 185, 186, 188, 189, 191, 192, 193, 194, 198, 200, 203, 205, 206, 207, 209, 210, 212, 213, 216, 218, 219, 220, 221, 223, 226, 228, 229, 231, 232, 234, 235, 237, 238, 239, 241, 242, 243, 246, 248, 249, 251, 252, 254, 258, 259, 262, 264, 265, 266, 269, 271, 273, 274, 275, 277, 278, 279, 283, 287, 288, 291, 294, 296, 298, 299, 300, 302, 303, 304, 305, 308, 310, 311, 314, 316, 322, 323, 325, 327, 328, 329, 330, 331, 333, 334, 336, 339, 340, 341, 342, 343, 346, 348, 349, 350, 352, 353, 357, 358, 359, 360, 361, 362, 363, 364, 365, 368, 370, 371, 372, 373, 374, 375, 376, 379, 381, 382, 384, 385, 392, 393, 394, 395, 396, 397, 398, 399, 400, 402, 403, 404, 405, 407, 409, 410, 412, 417, 418, 419, 420, 422, 423, 425, 428, 432, 433, 434, 436, 437, 438, 439, 441, 443, 444, 445, 446, 447, 449, 450, 452, 453, 454, 455, 456, 458, 459, 464, 468, 470, 471, 472, 473, 474, 478, 479, 481, 482, 483, 485, 486, 487, 490, 491, 494, 503, 505, 508, 509, 510, 511, 512, 515, 516, 519, 520, 523, 526, 527, 530, 531, 534, 535, 538, 539, 540, 543, 544, 547, 548, 551, 552, 555], "summary": {"covered_lines": 318, "num_statements": 323, "percent_covered": 98.45201238390094, "percent_covered_display": "98", "missing_lines": 5, "excluded_lines": 0, "percent_statements_covered": 98.45201238390094, "percent_statements_covered_display": "98"}, "missing_lines": [36, 107, 108, 117, 118], "excluded_lines": [], "functions": {"deploy": {"executed_lines": [], "summary": {"covered_lines": 0, "num_statements": 1, "percent_covered": 0.0, "percent_covered_display": "0", "missing_lines": 1, "excluded_lines": 0, "percent_statements_covered": 0.0, "percent_statements_covered_display": "0"}, "missing_lines": [36], "excluded_lines": [], "start_line": 34}, "_check_uncommitted_changes_step": {"executed_lines": [41, 42, 43, 44, 45, 46, 47, 48, 50], "summary": {"covered_lines": 9, "num_statements": 9, "percent_covered": 100.0, "percent_covered_display": "100", "missing_lines": 0, "excluded_lines": 0, "percent_statements_covered": 100.0, "percent_statements_covered_display": "100"}, "missing_lines": [], "excluded_lines": [], "start_line": 39}, "_verify_railway_files_step": {"executed_lines": [55, 56, 57, 58, 59, 60, 62, 63, 64, 65, 66, 67], "summary": {"covered_lines": 12, "num_statements": 12, "percent_covered": 100.0, "percent_covered_display": "100", "missing_lines": 0, "excluded_lines": 0, "percent_statements_covered": 100.0, "percent_statements_covered_display": "100"}, "missing_lines": [], "excluded_lines": [], "start_line": 53}, "_verify_dependencies_step": {"executed_lines": [72, 73, 74, 75, 76, 77, 78, 79, 80, 81, 82, 83, 84, 86], "summary": {"covered_lines": 14, "num_statements": 14, "percent_covered": 100.0, "percent_covered_display": "100", "missing_lines": 0, "excluded_lines": 0, "percent_statements_covered": 100.0, "percent_statements_covered_display": "100"}, "missing_lines": [], "excluded_lines": [], "start_line": 70}, "_check_poetry_lock_step": {"executed_lines": [91, 92, 93, 94, 95, 98, 99, 100, 101, 102, 104, 105, 106, 110, 111, 112, 113, 115, 116, 120], "summary": {"covered_lines": 20, "num_statements": 24, "percent_covered": 83.33333333333333, "percent_covered_display": "83", "missing_lines": 4, "excluded_lines": 0, "percent_statements_covered": 83.33333333333333, "percent_statements_covered_display": "83"}, "missing_lines": [107, 108, 117, 118], "excluded_lines": [], "start_line": 89}, "_ensure_railway_cli_step": {"executed_lines": [125, 126, 128, 129, 130, 131, 132, 135, 137, 138, 139, 140, 142, 143, 144, 145, 146, 148, 149], "summary": {"covered_lines": 19, "num_statements": 19, "percent_covered": 100.0, "percent_covered_display": "100", "missing_lines": 0, "excluded_lines": 0, "percent_statements_covered": 100.0, "percent_statements_covered_display": "100"}, "missing_lines": [], "excluded_lines": [], "start_line": 123}, "_check_and_upgrade_railway_cli": {"executed_lines": [154, 155, 156, 158, 159, 163, 164, 166, 167, 168, 170, 171, 172, 173, 174, 176], "summary": {"covered_lines": 16, "num_statements": 16, "percent_covered": 100.0, "percent_covered_display": "100", "missing_lines": 0, "excluded_lines": 0, "percent_statements_covered": 100.0, "percent_statements_covered_display": "100"}, "missing_lines": [], "excluded_lines": [], "start_line": 152}, "_ensure_railway_auth_step": {"executed_lines": [181, 182, 183, 184, 185, 186, 188, 189, 191, 192, 193, 194, 198, 200], "summary": {"covered_lines": 14, "num_statements": 14, "percent_covered": 100.0, "percent_covered_display": "100", "missing_lines": 0, "excluded_lines": 0, "percent_statements_covered": 100.0, "percent_statements_covered_display": "100"}, "missing_lines": [], "excluded_lines": [], "start_line": 179}, "_init_railway_project_step": {"executed_lines": [205, 206, 207, 209, 210, 212, 213, 216, 218, 219, 220, 221, 223], "summary": {"covered_lines": 13, "num_statements": 13, "percent_covered": 100.0, "percent_covered_display": "100", "missing_lines": 0, "excluded_lines": 0, "percent_statements_covered": 100.0, "percent_statements_covered_display": "100"}, "missing_lines": [], "excluded_lines": [], "start_line": 203}, "_setup_postgres_step": {"executed_lines": [228, 229, 231, 232, 234, 235, 237, 238, 239, 241, 242, 243], "summary": {"covered_lines": 12, "num_statements": 12, "percent_covered": 100.0, "percent_covered_display": "100", "missing_lines": 0, "excluded_lines": 0, "percent_statements_covered": 100.0, "percent_statements_covered_display": "100"}, "missing_lines": [], "excluded_lines": [], "start_line": 226}, "_create_app_service_step": {"executed_lines": [248, 249, 251, 252, 254, 258, 259, 262, 264, 265, 266], "summary": {"covered_lines": 11, "num_statements": 11, "percent_covered": 100.0, "percent_covered_display": "100", "missing_lines": 0, "excluded_lines": 0, "percent_statements_covered": 100.0, "percent_statements_covered_display": "100"}, "missing_lines": [], "excluded_lines": [], "start_line": 246}, "_link_database_step": {"executed_lines": [271, 273, 274, 275, 277, 278, 279, 283, 287, 288, 291], "summary": {"covered_lines": 11, "num_statements": 11, "percent_covered": 100.0, "percent_covered_display": "100", "missing_lines": 0, "excluded_lines": 0, "percent_statements_covered": 100.0, "percent_statements_covered_display": "100"}, "missing_lines": [], "excluded_lines": [], "start_line": 269}, "_generate_domain_step": {"executed_lines": [296, 298, 299, 300, 302, 303, 304, 305], "summary": {"covered_lines": 8, "num_statements": 8, "percent_covered": 100.0, "percent_covered_display": "100", "missing_lines": 0, "excluded_lines": 0, "percent_statements_covered": 100.0, "percent_statements_covered_display": "100"}, "missing_lines": [], "excluded_lines": [], "start_line": 294}, "_configure_env_vars_step": {"executed_lines": [310, 311, 314, 316, 322, 323, 325, 327, 328, 329, 330, 331, 333, 334, 336, 339, 340, 341, 342, 343], "summary": {"covered_lines": 20, "num_statements": 20, "percent_covered": 100.0, "percent_covered_display": "100", "missing_lines": 0, "excluded_lines": 0, "percent_statements_covered": 100.0, "percent_statements_covered_display": "100"}, "missing_lines": [], "excluded_lines": [], "start_line": 308}, "_deploy_app_step": {"executed_lines": [348, 349, 350, 352, 353, 357, 358, 359, 360, 361, 362, 363, 364, 365, 368, 370, 371, 372, 373, 374, 375, 376], "summary": {"covered_lines": 22, "num_statements": 22, "percent_covered": 100.0, "percent_covered_display": "100", "missing_lines": 0, "excluded_lines": 0, "percent_statements_covered": 100.0, "percent_statements_covered_display": "100"}, "missing_lines": [], "excluded_lines": [], "start_line": 346}, "_verify_deployment_step": {"executed_lines": [381, 382, 384, 385, 392, 393, 394, 395, 396, 397, 398, 399, 400, 402, 403, 404, 405, 407, 409, 410, 412, 417, 418, 419, 420, 422, 423, 425], "summary": {"covered_lines": 28, "num_statements": 28, "percent_covered": 100.0, "percent_covered_display": "100", "missing_lines": 0, "excluded_lines": 0, "percent_statements_covered": 100.0, "percent_statements_covered_display": "100"}, "missing_lines": [], "excluded_lines": [], "start_line": 379}, "_display_summary": {"executed_lines": [432, 433, 434, 436, 437, 438, 439, 441, 443, 444, 445, 446, 447, 449, 450, 452, 453, 454, 455, 456, 458, 459, 464, 468, 470, 471, 472, 473, 474, 478, 479, 481, 482, 483, 485, 486, 487], "summary": {"covered_lines": 37, "num_statements": 37, "percent_covered": 100.0, "percent_covered_display": "100", "missing_lines": 0, "excluded_lines": 0, "percent_statements_covered": 100.0, "percent_statements_covered_display": "100"}, "missing_lines": [], "excluded_lines": [], "start_line": 428}, "railway": {"executed_lines": [503, 505, 508, 509, 510, 511, 512, 515, 516, 519, 520, 523, 526, 527, 530, 531, 534, 535, 538, 539, 540, 543, 544, 547, 548, 551, 552, 555], "summary": {"covered_lines": 28, "num_statements": 28, "percent_covered": 100.0, "percent_covered_display": "100", "missing_lines": 0, "excluded_lines": 0, "percent_statements_covered": 100.0, "percent_statements_covered_display": "100"}, "missing_lines": [], "excluded_lines": [], "start_line": 494}, "": {"executed_lines": [3, 5, 7, 33, 34, 39, 53, 70, 89, 123, 152, 179, 203, 226, 246, 269, 294, 308, 346, 379, 428, 490, 491, 494], "summary": {"covered_lines": 24, "num_statements": 24, "percent_covered": 100.0, "percent_covered_display": "100", "missing_lines": 0, "excluded_lines": 0, "percent_statements_covered": 100.0, "percent_statements_covered_display": "100"}, "missing_lines": [], "excluded_lines": [], "start_line": 1}}, "classes": {"": {"executed_lines": [3, 5, 7, 33, 34, 39, 41, 42, 43, 44, 45, 46, 47, 48, 50, 53, 55, 56, 57, 58, 59, 60, 62, 63, 64, 65, 66, 67, 70, 72, 73, 74, 75, 76, 77, 78, 79, 80, 81, 82, 83, 84, 86, 89, 91, 92, 93, 94, 95, 98, 99, 100, 101, 102, 104, 105, 106, 110, 111, 112, 113, 115, 116, 120, 123, 125, 126, 128, 129, 130, 131, 132, 135, 137, 138, 139, 140, 142, 143, 144, 145, 146, 148, 149, 152, 154, 155, 156, 158, 159, 163, 164, 166, 167, 168, 170, 171, 172, 173, 174, 176, 179, 181, 182, 183, 184, 185, 186, 188, 189, 191, 192, 193, 194, 198, 200, 203, 205, 206, 207, 209, 210, 212, 213, 216, 218, 219, 220, 221, 223, 226, 228, 229, 231, 232, 234, 235, 237, 238, 239, 241, 242, 243, 246, 248, 249, 251, 252, 254, 258, 259, 262, 264, 265, 266, 269, 271, 273, 274, 275, 277, 278, 279, 283, 287, 288, 291, 294, 296, 298, 299, 300, 302, 303, 304, 305, 308, 310, 311, 314, 316, 322, 323, 325, 327, 328, 329, 330, 331, 333, 334, 336, 339, 340, 341, 342, 343, 346, 348, 349, 350, 352, 353, 357, 358, 359, 360, 361, 362, 363, 364, 365, 368, 370, 371, 372, 373, 374, 375, 376, 379, 381, 382, 384, 385, 392, 393, 394, 395, 396, 397, 398, 399, 400, 402, 403, 404, 405, 407, 409, 410, 412, 417, 418, 419, 420, 422, 423, 425, 428, 432, 433, 434, 436, 437, 438, 439, 441, 443, 444, 445, 446, 447, 449, 450, 452, 453, 454, 455, 456, 458, 459, 464, 468, 470, 471, 472, 473, 474, 478, 479, 481, 482, 483, 485, 486, 487, 490, 491, 494, 503, 505, 508, 509, 510, 511, 512, 515, 516, 519, 520, 523, 526, 527, 530, 531, 534, 535, 538, 539, 540, 543, 544, 547, 548, 551, 552, 555], "summary": {"covered_lines": 318, "num_statements": 323, "percent_covered": 98.45201238390094, "percent_covered_display": "98", "missing_lines": 5, "excluded_lines": 0, "percent_statements_covered": 98.45201238390094, "percent_statements_covered_display": "98"}, "missing_lines": [36, 107, 108, 117, 118], "excluded_lines": [], "start_line": 1}}}, "quickscale_cli/src/quickscale_cli/commands/development_commands.py": {"executed_lines": [3, 4, 5, 6, 7, 9, 11, 12, 20, 27, 33, 34, 37, 38, 44, 49, 51, 52, 53, 54, 56, 59, 61, 62, 76, 78, 79, 81, 83, 84, 86, 87, 89, 91, 92, 93, 94, 96, 98, 99, 102, 104, 105, 106, 108, 114, 115, 116, 121, 131, 136, 137, 138, 144, 146, 147, 148, 153, 156, 164, 177, 178, 179, 181, 182, 184, 185, 187, 190, 192, 193, 228, 230, 231, 234, 235, 238, 239, 240, 241, 243, 246, 247, 248, 252, 253, 258, 262, 265, 266, 267, 268, 270, 271, 272, 275, 276, 278, 279, 281, 282, 294, 304, 305, 311, 312, 313, 315, 317, 318, 319, 321, 322, 324, 325, 329, 330, 331, 332, 338, 340, 342, 343, 348, 354, 358, 359, 360, 361, 363, 364, 366, 367, 368, 369, 370, 373, 374, 377, 379, 381, 382, 384, 386, 387, 390, 393, 394, 395, 396, 398, 400, 401, 402, 403, 405, 410, 416, 417, 418, 420, 422, 423, 426, 429, 431, 432, 433, 434, 436, 437, 438, 441, 442, 443, 444, 445, 448, 449, 450, 451, 454, 455, 457, 459, 460, 461, 463, 464, 466, 467, 469, 470, 472, 473, 475, 477, 478, 483, 484, 485, 486, 489, 490, 492, 494, 495, 496, 497, 499, 500, 505, 508, 510, 513, 521, 522, 523, 527, 528, 531, 532, 534, 535, 536, 538, 539, 541, 542, 545, 549, 551, 553, 556, 558, 559, 560, 563, 566, 567, 572, 577, 578], "summary": {"covered_lines": 243, "num_statements": 281, "percent_covered": 86.47686832740213, "percent_covered_display": "86", "missing_lines": 38, "excluded_lines": 0, "percent_statements_covered": 86.47686832740213, "percent_statements_covered_display": "86"}, "missing_lines": [195, 196, 198, 199, 200, 202, 203, 204, 206, 207, 208, 209, 210, 211, 212, 213, 217, 218, 220, 221, 232, 249, 283, 288, 289, 290, 295, 300, 306, 307, 308, 349, 350, 351, 388, 411, 412, 413], "excluded_lines": [], "functions": {"_validate_project_and_docker": {"executed_lines": [33, 34, 37, 38, 44, 49, 51, 52, 53, 54, 56], "summary": {"covered_lines": 11, "num_statements": 11, "percent_covered": 100.0, "percent_covered_display": "100", "missing_lines": 0, "excluded_lines": 0, "percent_statements_covered": 100.0, "percent_statements_covered_display": "100"}, "missing_lines": [], "excluded_lines": [], "start_line": 27}, "_show_port_conflict_error": {"executed_lines": [61, 62], "summary": {"covered_lines": 2, "num_statements": 2, "percent_covered": 100.0, "percent_covered_display": "100", "missing_lines": 0, "excluded_lines": 0, "percent_statements_covered": 100.0, "percent_statements_covered_display": "100"}, "missing_lines": [], "excluded_lines": [], "start_line": 59}, "_run_docker_compose_up": {"executed_lines": [78, 79, 81, 83, 84, 86, 87, 89, 91, 92, 93, 94, 96, 98, 99], "summary": {"covered_lines": 15, "num_statements": 15, "percent_covered": 100.0, "percent_covered_display": "100", "missing_lines": 0, "excluded_lines": 0, "percent_statements_covered": 100.0, "percent_statements_covered_display": "100"}, "missing_lines": [], "excluded_lines": [], "start_line": 76}, "_handle_up_error": {"executed_lines": [104, 105, 106, 108, 114, 115, 116, 121, 131, 136, 137, 138], "summary": {"covered_lines": 12, "num_statements": 12, "percent_covered": 100.0, "percent_covered_display": "100", "missing_lines": 0, "excluded_lines": 0, "percent_statements_covered": 100.0, "percent_statements_covered_display": "100"}, "missing_lines": [], "excluded_lines": [], "start_line": 102}, "_run_migrations_after_up": {"executed_lines": [146, 147, 148, 153], "summary": {"covered_lines": 4, "num_statements": 4, "percent_covered": 100.0, "percent_covered_display": "100", "missing_lines": 0, "excluded_lines": 0, "percent_statements_covered": 100.0, "percent_statements_covered_display": "100"}, "missing_lines": [], "excluded_lines": [], "start_line": 144}, "_superuser_exists_in_backend": {"executed_lines": [164, 177, 178, 179, 181, 182, 184, 185, 187], "summary": {"covered_lines": 9, "num_statements": 9, "percent_covered": 100.0, "percent_covered_display": "100", "missing_lines": 0, "excluded_lines": 0, "percent_statements_covered": 100.0, "percent_statements_covered_display": "100"}, "missing_lines": [], "excluded_lines": [], "start_line": 156}, "_handle_superuser_after_up": {"executed_lines": [192, 193], "summary": {"covered_lines": 2, "num_statements": 22, "percent_covered": 9.090909090909092, "percent_covered_display": "9", "missing_lines": 20, "excluded_lines": 0, "percent_statements_covered": 9.090909090909092, "percent_statements_covered_display": "9"}, "missing_lines": [195, 196, 198, 199, 200, 202, 203, 204, 206, 207, 208, 209, 210, 211, 212, 213, 217, 218, 220, 221], "excluded_lines": [], "start_line": 190}, "_command_contains": {"executed_lines": [230, 231, 234, 235], "summary": {"covered_lines": 4, "num_statements": 5, "percent_covered": 80.0, "percent_covered_display": "80", "missing_lines": 1, "excluded_lines": 0, "percent_statements_covered": 80.0, "percent_statements_covered_display": "80"}, "missing_lines": [232], "excluded_lines": [], "start_line": 228}, "up": {"executed_lines": [243, 246, 247, 248, 252, 253, 258, 262, 265, 266, 267, 268, 270, 271, 272, 275, 276, 278, 279, 281, 282, 294, 304, 305], "summary": {"covered_lines": 24, "num_statements": 34, "percent_covered": 70.58823529411765, "percent_covered_display": "71", "missing_lines": 10, "excluded_lines": 0, "percent_statements_covered": 70.58823529411765, "percent_statements_covered_display": "71"}, "missing_lines": [249, 283, 288, 289, 290, 295, 300, 306, 307, 308], "excluded_lines": [], "start_line": 241}, "down": {"executed_lines": [315, 317, 318, 319, 321, 322, 324, 325, 329, 330, 331, 332, 338, 340, 342, 343, 348], "summary": {"covered_lines": 17, "num_statements": 20, "percent_covered": 85.0, "percent_covered_display": "85", "missing_lines": 3, "excluded_lines": 0, "percent_statements_covered": 85.0, "percent_statements_covered_display": "85"}, "missing_lines": [349, 350, 351], "excluded_lines": [], "start_line": 313}, "_run_docker_exec_command": {"executed_lines": [358, 359, 360, 361, 363, 364, 366, 367, 368, 369, 370], "summary": {"covered_lines": 11, "num_statements": 11, "percent_covered": 100.0, "percent_covered_display": "100", "missing_lines": 0, "excluded_lines": 0, "percent_statements_covered": 100.0, "percent_statements_covered_display": "100"}, "missing_lines": [], "excluded_lines": [], "start_line": 354}, "shell": {"executed_lines": [379, 381, 382, 384, 386, 387, 390, 393, 394, 395, 396, 398, 400, 401, 402, 403, 405, 410], "summary": {"covered_lines": 18, "num_statements": 22, "percent_covered": 81.81818181818181, "percent_covered_display": "82", "missing_lines": 4, "excluded_lines": 0, "percent_statements_covered": 81.81818181818181, "percent_statements_covered_display": "82"}, "missing_lines": [388, 411, 412, 413], "excluded_lines": [], "start_line": 377}, "manage": {"executed_lines": [420, 422, 423, 426, 429, 431, 432, 433, 434, 436, 437, 438, 441, 442, 443, 444, 445], "summary": {"covered_lines": 17, "num_statements": 17, "percent_covered": 100.0, "percent_covered_display": "100", "missing_lines": 0, "excluded_lines": 0, "percent_statements_covered": 100.0, "percent_statements_covered_display": "100"}, "missing_lines": [], "excluded_lines": [], "start_line": 418}, "logs": {"executed_lines": [457, 459, 460, 461, 463, 464, 466, 467, 469, 470, 472, 473, 475, 477, 478, 483, 484, 485, 486], "summary": {"covered_lines": 19, "num_statements": 19, "percent_covered": 100.0, "percent_covered_display": "100", "missing_lines": 0, "excluded_lines": 0, "percent_statements_covered": 100.0, "percent_statements_covered_display": "100"}, "missing_lines": [], "excluded_lines": [], "start_line": 455}, "ps": {"executed_lines": [492, 494, 495, 496, 497, 499, 500, 505], "summary": {"covered_lines": 8, "num_statements": 8, "percent_covered": 100.0, "percent_covered_display": "100", "missing_lines": 0, "excluded_lines": 0, "percent_statements_covered": 100.0, "percent_statements_covered_display": "100"}, "missing_lines": [], "excluded_lines": [], "start_line": 490}, "_get_build_state_file": {"executed_lines": [510], "summary": {"covered_lines": 1, "num_statements": 1, "percent_covered": 100.0, "percent_covered_display": "100", "missing_lines": 0, "excluded_lines": 0, "percent_statements_covered": 100.0, "percent_statements_covered_display": "100"}, "missing_lines": [], "excluded_lines": [], "start_line": 508}, "_dependencies_changed_since_last_build": {"executed_lines": [521, 522, 523, 527, 528, 531, 532, 534, 535, 536, 538, 539, 541, 542, 545, 549, 551, 553], "summary": {"covered_lines": 18, "num_statements": 18, "percent_covered": 100.0, "percent_covered_display": "100", "missing_lines": 0, "excluded_lines": 0, "percent_statements_covered": 100.0, "percent_statements_covered_display": "100"}, "missing_lines": [], "excluded_lines": [], "start_line": 513}, "_update_last_build_timestamp": {"executed_lines": [558, 559, 560, 563, 566, 567, 572, 577, 578], "summary": {"covered_lines": 9, "num_statements": 9, "percent_covered": 100.0, "percent_covered_display": "100", "missing_lines": 0, "excluded_lines": 0, "percent_statements_covered": 100.0, "percent_statements_covered_display": "100"}, "missing_lines": [], "excluded_lines": [], "start_line": 556}, "": {"executed_lines": [3, 4, 5, 6, 7, 9, 11, 12, 20, 27, 59, 76, 102, 144, 156, 190, 228, 238, 239, 240, 241, 311, 312, 313, 354, 373, 374, 377, 416, 417, 418, 448, 449, 450, 451, 454, 455, 489, 490, 508, 513, 556], "summary": {"covered_lines": 42, "num_statements": 42, "percent_covered": 100.0, "percent_covered_display": "100", "missing_lines": 0, "excluded_lines": 0, "percent_statements_covered": 100.0, "percent_statements_covered_display": "100"}, "missing_lines": [], "excluded_lines": [], "start_line": 1}}, "classes": {"": {"executed_lines": [3, 4, 5, 6, 7, 9, 11, 12, 20, 27, 33, 34, 37, 38, 44, 49, 51, 52, 53, 54, 56, 59, 61, 62, 76, 78, 79, 81, 83, 84, 86, 87, 89, 91, 92, 93, 94, 96, 98, 99, 102, 104, 105, 106, 108, 114, 115, 116, 121, 131, 136, 137, 138, 144, 146, 147, 148, 153, 156, 164, 177, 178, 179, 181, 182, 184, 185, 187, 190, 192, 193, 228, 230, 231, 234, 235, 238, 239, 240, 241, 243, 246, 247, 248, 252, 253, 258, 262, 265, 266, 267, 268, 270, 271, 272, 275, 276, 278, 279, 281, 282, 294, 304, 305, 311, 312, 313, 315, 317, 318, 319, 321, 322, 324, 325, 329, 330, 331, 332, 338, 340, 342, 343, 348, 354, 358, 359, 360, 361, 363, 364, 366, 367, 368, 369, 370, 373, 374, 377, 379, 381, 382, 384, 386, 387, 390, 393, 394, 395, 396, 398, 400, 401, 402, 403, 405, 410, 416, 417, 418, 420, 422, 423, 426, 429, 431, 432, 433, 434, 436, 437, 438, 441, 442, 443, 444, 445, 448, 449, 450, 451, 454, 455, 457, 459, 460, 461, 463, 464, 466, 467, 469, 470, 472, 473, 475, 477, 478, 483, 484, 485, 486, 489, 490, 492, 494, 495, 496, 497, 499, 500, 505, 508, 510, 513, 521, 522, 523, 527, 528, 531, 532, 534, 535, 536, 538, 539, 541, 542, 545, 549, 551, 553, 556, 558, 559, 560, 563, 566, 567, 572, 577, 578], "summary": {"covered_lines": 243, "num_statements": 281, "percent_covered": 86.47686832740213, "percent_covered_display": "86", "missing_lines": 38, "excluded_lines": 0, "percent_statements_covered": 86.47686832740213, "percent_statements_covered_display": "86"}, "missing_lines": [195, 196, 198, 199, 200, 202, 203, 204, 206, 207, 208, 209, 210, 211, 212, 213, 217, 218, 220, 221, 232, 249, 283, 288, 289, 290, 295, 300, 306, 307, 308, 349, 350, 351, 388, 411, 412, 413], "excluded_lines": [], "start_line": 1}}}, "quickscale_cli/src/quickscale_cli/commands/module_commands.py": {"executed_lines": [3, 4, 5, 7, 9, 11, 12, 22, 29, 32, 38, 39, 40, 41, 43, 44, 49, 53, 55, 58, 64, 65, 66, 71, 72, 73, 76, 82, 84, 85, 90, 95, 98, 99, 102, 112, 113, 114, 116, 117, 122, 123, 127, 131, 132, 133, 135, 140, 141, 145, 146, 148, 149, 155, 157, 160, 161, 162, 164, 167, 179, 180, 182, 185, 193, 194, 195, 198, 199, 200, 203, 204, 205, 206, 208, 211, 243, 247, 248, 249, 251, 254, 255, 257, 258, 260, 261, 262, 265, 266, 271, 274, 275, 276, 277, 280, 282, 283, 284, 285, 286, 287, 290, 292, 295, 305, 306, 307, 310, 311, 316, 320, 323, 324, 326, 327, 331, 332, 335, 336, 343, 344, 345, 347, 353, 354, 361, 362, 368, 369, 370, 371, 373, 374, 375, 376, 377, 379, 380, 382, 383, 388, 392, 395, 399, 405, 406, 407, 408, 410, 411, 412, 413, 414, 417, 423, 424, 425, 426, 428, 429, 434, 438, 441, 445, 447, 448, 456, 458, 460, 462, 463, 464, 466, 468, 469, 470, 471, 474, 476, 477, 478, 481, 482, 491, 497, 498, 499, 501, 504, 505, 506, 516, 517, 522, 539, 540, 543, 545, 546, 547, 550, 553, 554, 555, 557, 558, 561, 562, 563, 565, 568, 569, 570, 571, 573, 574, 580, 584, 586, 588, 591, 592, 598, 599, 605, 609, 614, 634, 636, 637, 638, 641, 642, 643, 646, 650, 652, 655, 656, 659, 660, 661, 662, 665, 666, 667, 670, 671, 674, 675, 676, 677, 678, 679, 681, 682, 683, 686, 687, 688, 689], "summary": {"covered_lines": 262, "num_statements": 274, "percent_covered": 95.62043795620438, "percent_covered_display": "96", "missing_lines": 12, "excluded_lines": 0, "percent_statements_covered": 95.62043795620438, "percent_statements_covered_display": "96"}, "missing_lines": [244, 479, 488, 489, 502, 512, 513, 589, 590, 593, 594, 595], "excluded_lines": [], "functions": {"_validate_git_environment": {"executed_lines": [38, 39, 40, 41, 43, 44, 49, 53, 55], "summary": {"covered_lines": 9, "num_statements": 9, "percent_covered": 100.0, "percent_covered_display": "100", "missing_lines": 0, "excluded_lines": 0, "percent_statements_covered": 100.0, "percent_statements_covered_display": "100"}, "missing_lines": [], "excluded_lines": [], "start_line": 32}, "_validate_module_not_exists": {"executed_lines": [64, 65, 66, 71, 72, 73], "summary": {"covered_lines": 6, "num_statements": 6, "percent_covered": 100.0, "percent_covered_display": "100", "missing_lines": 0, "excluded_lines": 0, "percent_statements_covered": 100.0, "percent_statements_covered_display": "100"}, "missing_lines": [], "excluded_lines": [], "start_line": 58}, "_validate_remote_branch": {"executed_lines": [82, 84, 85, 90, 95, 98, 99], "summary": {"covered_lines": 7, "num_statements": 7, "percent_covered": 100.0, "percent_covered_display": "100", "missing_lines": 0, "excluded_lines": 0, "percent_statements_covered": 100.0, "percent_statements_covered_display": "100"}, "missing_lines": [], "excluded_lines": [], "start_line": 76}, "_check_auth_module_migrations": {"executed_lines": [112, 113, 114, 116, 117, 122, 123, 127, 131, 132, 133, 135, 140, 141, 145, 146, 148, 149, 155, 157, 160, 161, 162, 164], "summary": {"covered_lines": 24, "num_statements": 24, "percent_covered": 100.0, "percent_covered_display": "100", "missing_lines": 0, "excluded_lines": 0, "percent_statements_covered": 100.0, "percent_statements_covered_display": "100"}, "missing_lines": [], "excluded_lines": [], "start_line": 102}, "_perform_module_embed": {"executed_lines": [179, 180, 182, 185, 193, 194, 195, 198, 199, 200, 203, 204, 205, 206, 208], "summary": {"covered_lines": 15, "num_statements": 15, "percent_covered": 100.0, "percent_covered_display": "100", "missing_lines": 0, "excluded_lines": 0, "percent_statements_covered": 100.0, "percent_statements_covered_display": "100"}, "missing_lines": [], "excluded_lines": [], "start_line": 167}, "embed_module": {"executed_lines": [243, 247, 248, 249, 251, 254, 255, 257, 258, 260, 261, 262, 265, 266, 271, 274, 275, 276, 277, 280, 282, 283, 284, 285, 286, 287, 290, 292], "summary": {"covered_lines": 28, "num_statements": 29, "percent_covered": 96.55172413793103, "percent_covered_display": "97", "missing_lines": 1, "excluded_lines": 0, "percent_statements_covered": 96.55172413793103, "percent_statements_covered_display": "97"}, "missing_lines": [244], "excluded_lines": [], "start_line": 211}, "_install_module_dependencies": {"executed_lines": [305, 306, 307, 310, 311, 316, 320, 323, 324, 326, 327, 331, 332, 335, 336, 343, 344, 345, 347, 353, 354, 361, 362, 368, 369, 370, 371, 373, 374, 375, 376, 377, 379, 380, 382, 383, 388, 392], "summary": {"covered_lines": 38, "num_statements": 38, "percent_covered": 100.0, "percent_covered_display": "100", "missing_lines": 0, "excluded_lines": 0, "percent_statements_covered": 100.0, "percent_statements_covered_display": "100"}, "missing_lines": [], "excluded_lines": [], "start_line": 295}, "_print_installation_error": {"executed_lines": [399, 405, 406, 407, 408, 410, 411, 412, 413, 414], "summary": {"covered_lines": 10, "num_statements": 10, "percent_covered": 100.0, "percent_covered_display": "100", "missing_lines": 0, "excluded_lines": 0, "percent_statements_covered": 100.0, "percent_statements_covered_display": "100"}, "missing_lines": [], "excluded_lines": [], "start_line": 395}, "_validate_update_environment": {"executed_lines": [423, 424, 425, 426, 428, 429, 434, 438], "summary": {"covered_lines": 8, "num_statements": 8, "percent_covered": 100.0, "percent_covered_display": "100", "missing_lines": 0, "excluded_lines": 0, "percent_statements_covered": 100.0, "percent_statements_covered_display": "100"}, "missing_lines": [], "excluded_lines": [], "start_line": 417}, "_update_single_module": {"executed_lines": [445, 447, 448, 456, 458, 460, 462, 463, 464, 466, 468, 469, 470, 471], "summary": {"covered_lines": 14, "num_statements": 14, "percent_covered": 100.0, "percent_covered_display": "100", "missing_lines": 0, "excluded_lines": 0, "percent_statements_covered": 100.0, "percent_statements_covered_display": "100"}, "missing_lines": [], "excluded_lines": [], "start_line": 441}, "_commit_module_update": {"executed_lines": [476, 477, 478, 481, 482, 491, 497, 498, 499, 501, 504, 505, 506], "summary": {"covered_lines": 13, "num_statements": 19, "percent_covered": 68.42105263157895, "percent_covered_display": "68", "missing_lines": 6, "excluded_lines": 0, "percent_statements_covered": 68.42105263157895, "percent_statements_covered_display": "68"}, "missing_lines": [479, 488, 489, 502, 512, 513], "excluded_lines": [], "start_line": 474}, "update": {"executed_lines": [539, 540, 543, 545, 546, 547, 550, 553, 554, 555, 557, 558, 561, 562, 563, 565, 568, 569, 570, 571, 573, 574, 580, 584, 586, 588, 591, 592], "summary": {"covered_lines": 28, "num_statements": 33, "percent_covered": 84.84848484848484, "percent_covered_display": "85", "missing_lines": 5, "excluded_lines": 0, "percent_statements_covered": 84.84848484848484, "percent_statements_covered_display": "85"}, "missing_lines": [589, 590, 593, 594, 595], "excluded_lines": [], "start_line": 522}, "push": {"executed_lines": [634, 636, 637, 638, 641, 642, 643, 646, 650, 652, 655, 656, 659, 660, 661, 662, 665, 666, 667, 670, 671, 674, 675, 676, 677, 678, 679, 681, 682, 683, 686, 687, 688, 689], "summary": {"covered_lines": 34, "num_statements": 34, "percent_covered": 100.0, "percent_covered_display": "100", "missing_lines": 0, "excluded_lines": 0, "percent_statements_covered": 100.0, "percent_statements_covered_display": "100"}, "missing_lines": [], "excluded_lines": [], "start_line": 614}, "": {"executed_lines": [3, 4, 5, 7, 9, 11, 12, 22, 29, 32, 58, 76, 102, 167, 211, 295, 395, 417, 441, 474, 516, 517, 522, 598, 599, 605, 609, 614], "summary": {"covered_lines": 28, "num_statements": 28, "percent_covered": 100.0, "percent_covered_display": "100", "missing_lines": 0, "excluded_lines": 0, "percent_statements_covered": 100.0, "percent_statements_covered_display": "100"}, "missing_lines": [], "excluded_lines": [], "start_line": 1}}, "classes": {"": {"executed_lines": [3, 4, 5, 7, 9, 11, 12, 22, 29, 32, 38, 39, 40, 41, 43, 44, 49, 53, 55, 58, 64, 65, 66, 71, 72, 73, 76, 82, 84, 85, 90, 95, 98, 99, 102, 112, 113, 114, 116, 117, 122, 123, 127, 131, 132, 133, 135, 140, 141, 145, 146, 148, 149, 155, 157, 160, 161, 162, 164, 167, 179, 180, 182, 185, 193, 194, 195, 198, 199, 200, 203, 204, 205, 206, 208, 211, 243, 247, 248, 249, 251, 254, 255, 257, 258, 260, 261, 262, 265, 266, 271, 274, 275, 276, 277, 280, 282, 283, 284, 285, 286, 287, 290, 292, 295, 305, 306, 307, 310, 311, 316, 320, 323, 324, 326, 327, 331, 332, 335, 336, 343, 344, 345, 347, 353, 354, 361, 362, 368, 369, 370, 371, 373, 374, 375, 376, 377, 379, 380, 382, 383, 388, 392, 395, 399, 405, 406, 407, 408, 410, 411, 412, 413, 414, 417, 423, 424, 425, 426, 428, 429, 434, 438, 441, 445, 447, 448, 456, 458, 460, 462, 463, 464, 466, 468, 469, 470, 471, 474, 476, 477, 478, 481, 482, 491, 497, 498, 499, 501, 504, 505, 506, 516, 517, 522, 539, 540, 543, 545, 546, 547, 550, 553, 554, 555, 557, 558, 561, 562, 563, 565, 568, 569, 570, 571, 573, 574, 580, 584, 586, 588, 591, 592, 598, 599, 605, 609, 614, 634, 636, 637, 638, 641, 642, 643, 646, 650, 652, 655, 656, 659, 660, 661, 662, 665, 666, 667, 670, 671, 674, 675, 676, 677, 678, 679, 681, 682, 683, 686, 687, 688, 689], "summary": {"covered_lines": 262, "num_statements": 274, "percent_covered": 95.62043795620438, "percent_covered_display": "96", "missing_lines": 12, "excluded_lines": 0, "percent_statements_covered": 95.62043795620438, "percent_statements_covered_display": "96"}, "missing_lines": [244, 479, 488, 489, 502, 512, 513, 589, 590, 593, 594, 595], "excluded_lines": [], "start_line": 1}}}, "quickscale_cli/src/quickscale_cli/commands/module_config.py": {"executed_lines": [7, 8, 9, 10, 11, 12, 14, 16, 17, 23, 35, 36, 39, 49, 52, 53, 59, 60, 63, 64, 65, 67, 68, 72, 75, 77, 89, 97, 98, 100, 101, 102, 107, 108, 122, 129, 130, 136, 137, 144, 150, 151, 165, 167, 168, 171, 208, 210, 219, 221, 222, 223, 224, 225, 226, 227, 229, 230, 232, 253, 256, 258, 259, 261, 262, 265, 267, 268, 274, 275, 279, 282, 283, 284, 286, 289, 290, 296, 297, 298, 299, 300, 301, 302, 307, 308, 313, 316, 317, 318, 319, 321, 326, 330, 331, 333, 335, 342, 344, 345, 346, 348, 350, 380, 381, 382, 385, 386, 387, 391, 392, 394, 397, 398, 399, 402, 403, 404, 406, 409, 411, 412, 414, 415, 416, 417, 418, 419, 422, 428, 429, 434, 436, 441, 442, 447, 450, 452, 453, 456, 457, 460, 463, 464, 465, 466, 467, 475, 477, 483, 485, 486, 487, 488, 489, 490, 492, 493, 495, 504, 507, 509, 512, 513, 514, 522, 524, 529, 531, 532, 533, 534, 535, 537, 538, 542, 550, 553, 555, 556, 558, 559, 561, 562, 565, 567, 582, 583, 584, 586, 589, 601, 605, 606, 624, 625, 626, 627, 628, 629, 630, 631, 632, 635, 640, 644, 645, 647, 648, 649, 650, 659, 661, 662, 664, 665, 667, 668, 669, 675, 676, 680, 682, 683, 684, 686, 689, 690, 696, 697, 698, 699, 701, 702, 703, 708, 709, 714, 716, 717, 718, 719, 720, 725, 729, 730, 732, 734, 741, 743, 746, 747, 749, 752, 753, 761, 763, 776, 778, 779, 780, 781, 782, 783, 784, 786, 787, 791, 811, 814, 816, 820, 823, 830, 831, 832, 835, 836, 837, 838, 839, 840, 842, 847, 849, 850, 852, 853, 854, 855, 858, 867, 868, 870, 872, 873, 879, 880, 882, 883, 884, 886, 887, 888, 892, 893, 894, 898, 899, 912, 942, 965, 967, 970, 971, 975, 978, 979, 980, 981, 989, 991, 1001, 1036, 1063], "summary": {"covered_lines": 325, "num_statements": 402, "percent_covered": 80.8457711442786, "percent_covered_display": "81", "missing_lines": 77, "excluded_lines": 0, "percent_statements_covered": 80.8457711442786, "percent_statements_covered_display": "81"}, "missing_lines": [61, 69, 116, 117, 123, 124, 131, 138, 139, 145, 159, 173, 174, 175, 176, 177, 179, 180, 182, 413, 568, 574, 575, 579, 590, 596, 597, 598, 599, 609, 610, 615, 616, 621, 652, 833, 903, 904, 909, 914, 920, 921, 939, 944, 945, 947, 948, 950, 951, 953, 954, 955, 959, 960, 962, 1003, 1004, 1005, 1006, 1007, 1008, 1009, 1010, 1011, 1013, 1014, 1033, 1038, 1041, 1042, 1046, 1047, 1048, 1049, 1052, 1053, 1054], "excluded_lines": [], "functions": {"_is_app_in_installed_apps": {"executed_lines": [35, 36], "summary": {"covered_lines": 2, "num_statements": 2, "percent_covered": 100.0, "percent_covered_display": "100", "missing_lines": 0, "excluded_lines": 0, "percent_statements_covered": 100.0, "percent_statements_covered_display": "100"}, "missing_lines": [], "excluded_lines": [], "start_line": 23}, "_filter_new_apps": {"executed_lines": [49], "summary": {"covered_lines": 1, "num_statements": 1, "percent_covered": 100.0, "percent_covered_display": "100", "missing_lines": 0, "excluded_lines": 0, "percent_statements_covered": 100.0, "percent_statements_covered_display": "100"}, "missing_lines": [], "excluded_lines": [], "start_line": 39}, "AuthMigrationAssessment.compatible": {"executed_lines": [], "summary": {"covered_lines": 0, "num_statements": 1, "percent_covered": 0.0, "percent_covered_display": "0", "missing_lines": 1, "excluded_lines": 0, "percent_statements_covered": 0.0, "percent_statements_covered_display": "0"}, "missing_lines": [61], "excluded_lines": [], "start_line": 60}, "AuthMigrationAssessment.incompatible": {"executed_lines": [65], "summary": {"covered_lines": 1, "num_statements": 1, "percent_covered": 100.0, "percent_covered_display": "100", "missing_lines": 0, "excluded_lines": 0, "percent_statements_covered": 100.0, "percent_statements_covered_display": "100"}, "missing_lines": [], "excluded_lines": [], "start_line": 64}, "AuthMigrationAssessment.unverifiable": {"executed_lines": [], "summary": {"covered_lines": 0, "num_statements": 1, "percent_covered": 0.0, "percent_covered_display": "0", "missing_lines": 1, "excluded_lines": 0, "percent_statements_covered": 0.0, "percent_statements_covered_display": "0"}, "missing_lines": [69], "excluded_lines": [], "start_line": 68}, "_migration_probe_script": {"executed_lines": [77], "summary": {"covered_lines": 1, "num_statements": 1, "percent_covered": 100.0, "percent_covered_display": "100", "missing_lines": 0, "excluded_lines": 0, "percent_statements_covered": 100.0, "percent_statements_covered_display": "100"}, "missing_lines": [], "excluded_lines": [], "start_line": 75}, "assess_auth_migration_state": {"executed_lines": [97, 98, 100, 101, 102, 107, 108, 122, 129, 130, 136, 137, 144, 150, 151], "summary": {"covered_lines": 15, "num_statements": 24, "percent_covered": 62.5, "percent_covered_display": "62", "missing_lines": 9, "excluded_lines": 0, "percent_statements_covered": 62.5, "percent_statements_covered_display": "62"}, "missing_lines": [116, 117, 123, 124, 131, 138, 139, 145, 159], "excluded_lines": [], "start_line": 89}, "has_migrations_been_run": {"executed_lines": [167, 168], "summary": {"covered_lines": 2, "num_statements": 2, "percent_covered": 100.0, "percent_covered_display": "100", "missing_lines": 0, "excluded_lines": 0, "percent_statements_covered": 100.0, "percent_statements_covered_display": "100"}, "missing_lines": [], "excluded_lines": [], "start_line": 165}, "format_auth_migration_remediation": {"executed_lines": [], "summary": {"covered_lines": 0, "num_statements": 8, "percent_covered": 0.0, "percent_covered_display": "0", "missing_lines": 8, "excluded_lines": 0, "percent_statements_covered": 0.0, "percent_statements_covered_display": "0"}, "missing_lines": [173, 174, 175, 176, 177, 179, 180, 182], "excluded_lines": [], "start_line": 171}, "get_default_auth_config": {"executed_lines": [210], "summary": {"covered_lines": 1, "num_statements": 1, "percent_covered": 100.0, "percent_covered_display": "100", "missing_lines": 0, "excluded_lines": 0, "percent_statements_covered": 100.0, "percent_statements_covered_display": "100"}, "missing_lines": [], "excluded_lines": [], "start_line": 208}, "configure_auth_module": {"executed_lines": [221, 222, 223, 224, 225, 226, 227, 229, 230, 232, 253], "summary": {"covered_lines": 11, "num_statements": 11, "percent_covered": 100.0, "percent_covered_display": "100", "missing_lines": 0, "excluded_lines": 0, "percent_statements_covered": 100.0, "percent_statements_covered_display": "100"}, "missing_lines": [], "excluded_lines": [], "start_line": 219}, "_add_django_allauth_dependency": {"executed_lines": [258, 259, 261, 262, 265, 267, 268, 274, 275, 279, 282, 283, 284, 286, 289, 290, 296, 297, 298, 299, 300, 301, 302, 307, 308, 313, 316, 317, 318, 319, 321, 326, 330, 331, 333, 335], "summary": {"covered_lines": 36, "num_statements": 36, "percent_covered": 100.0, "percent_covered_display": "100", "missing_lines": 0, "excluded_lines": 0, "percent_statements_covered": 100.0, "percent_statements_covered_display": "100"}, "missing_lines": [], "excluded_lines": [], "start_line": 256}, "_generate_auth_settings_addition": {"executed_lines": [344, 345, 346, 348, 350, 380, 381, 382, 385, 386, 387, 391, 392, 394, 397, 398, 399, 402, 403, 404, 406], "summary": {"covered_lines": 21, "num_statements": 21, "percent_covered": 100.0, "percent_covered_display": "100", "missing_lines": 0, "excluded_lines": 0, "percent_statements_covered": 100.0, "percent_statements_covered_display": "100"}, "missing_lines": [], "excluded_lines": [], "start_line": 342}, "_normalize_auth_config": {"executed_lines": [411, 412, 414, 415, 416, 417, 418, 419], "summary": {"covered_lines": 8, "num_statements": 9, "percent_covered": 88.88888888888889, "percent_covered_display": "89", "missing_lines": 1, "excluded_lines": 0, "percent_statements_covered": 88.88888888888889, "percent_statements_covered_display": "89"}, "missing_lines": [413], "excluded_lines": [], "start_line": 409}, "_regenerate_wiring_for_module": {"executed_lines": [428, 429, 434, 436, 441, 442, 447], "summary": {"covered_lines": 7, "num_statements": 7, "percent_covered": 100.0, "percent_covered_display": "100", "missing_lines": 0, "excluded_lines": 0, "percent_statements_covered": 100.0, "percent_statements_covered_display": "100"}, "missing_lines": [], "excluded_lines": [], "start_line": 422}, "apply_auth_configuration": {"executed_lines": [452, 453, 456, 457, 460, 463, 464, 465, 466, 467], "summary": {"covered_lines": 10, "num_statements": 10, "percent_covered": 100.0, "percent_covered_display": "100", "missing_lines": 0, "excluded_lines": 0, "percent_statements_covered": 100.0, "percent_statements_covered_display": "100"}, "missing_lines": [], "excluded_lines": [], "start_line": 450}, "get_default_blog_config": {"executed_lines": [477], "summary": {"covered_lines": 1, "num_statements": 1, "percent_covered": 100.0, "percent_covered_display": "100", "missing_lines": 0, "excluded_lines": 0, "percent_statements_covered": 100.0, "percent_statements_covered_display": "100"}, "missing_lines": [], "excluded_lines": [], "start_line": 475}, "configure_blog_module": {"executed_lines": [485, 486, 487, 488, 489, 490, 492, 493, 495, 504], "summary": {"covered_lines": 10, "num_statements": 10, "percent_covered": 100.0, "percent_covered_display": "100", "missing_lines": 0, "excluded_lines": 0, "percent_statements_covered": 100.0, "percent_statements_covered_display": "100"}, "missing_lines": [], "excluded_lines": [], "start_line": 483}, "apply_blog_configuration": {"executed_lines": [509, 512, 513, 514], "summary": {"covered_lines": 4, "num_statements": 4, "percent_covered": 100.0, "percent_covered_display": "100", "missing_lines": 0, "excluded_lines": 0, "percent_statements_covered": 100.0, "percent_statements_covered_display": "100"}, "missing_lines": [], "excluded_lines": [], "start_line": 507}, "get_default_listings_config": {"executed_lines": [524], "summary": {"covered_lines": 1, "num_statements": 1, "percent_covered": 100.0, "percent_covered_display": "100", "missing_lines": 0, "excluded_lines": 0, "percent_statements_covered": 100.0, "percent_statements_covered_display": "100"}, "missing_lines": [], "excluded_lines": [], "start_line": 522}, "configure_listings_module": {"executed_lines": [531, 532, 533, 534, 535, 537, 538, 542, 550], "summary": {"covered_lines": 9, "num_statements": 9, "percent_covered": 100.0, "percent_covered_display": "100", "missing_lines": 0, "excluded_lines": 0, "percent_statements_covered": 100.0, "percent_statements_covered_display": "100"}, "missing_lines": [], "excluded_lines": [], "start_line": 529}, "_add_listings_dependencies": {"executed_lines": [555, 556, 558, 559, 561, 562, 565, 567, 582, 583, 584, 586, 589, 601, 605, 606, 624, 625, 626, 627, 628, 629, 630, 631, 632, 635, 640, 644, 645, 647, 648, 649, 650], "summary": {"covered_lines": 33, "num_statements": 48, "percent_covered": 68.75, "percent_covered_display": "69", "missing_lines": 15, "excluded_lines": 0, "percent_statements_covered": 68.75, "percent_statements_covered_display": "69"}, "missing_lines": [568, 574, 575, 579, 590, 596, 597, 598, 599, 609, 610, 615, 616, 621, 652], "excluded_lines": [], "start_line": 553}, "_add_django_filter_dependency": {"executed_lines": [661, 662, 664, 665, 667, 668, 669, 675, 676, 680, 682, 683, 684, 686, 689, 690, 696, 697, 698, 699, 701, 702, 703, 708, 709, 714, 716, 717, 718, 719, 720, 725, 729, 730, 732, 734], "summary": {"covered_lines": 36, "num_statements": 36, "percent_covered": 100.0, "percent_covered_display": "100", "missing_lines": 0, "excluded_lines": 0, "percent_statements_covered": 100.0, "percent_statements_covered_display": "100"}, "missing_lines": [], "excluded_lines": [], "start_line": 659}, "apply_listings_configuration": {"executed_lines": [743, 746, 747, 749, 752, 753], "summary": {"covered_lines": 6, "num_statements": 6, "percent_covered": 100.0, "percent_covered_display": "100", "missing_lines": 0, "excluded_lines": 0, "percent_statements_covered": 100.0, "percent_statements_covered_display": "100"}, "missing_lines": [], "excluded_lines": [], "start_line": 741}, "get_default_crm_config": {"executed_lines": [763], "summary": {"covered_lines": 1, "num_statements": 1, "percent_covered": 100.0, "percent_covered_display": "100", "missing_lines": 0, "excluded_lines": 0, "percent_statements_covered": 100.0, "percent_statements_covered_display": "100"}, "missing_lines": [], "excluded_lines": [], "start_line": 761}, "configure_crm_module": {"executed_lines": [778, 779, 780, 781, 782, 783, 784, 786, 787, 791, 811], "summary": {"covered_lines": 11, "num_statements": 11, "percent_covered": 100.0, "percent_covered_display": "100", "missing_lines": 0, "excluded_lines": 0, "percent_statements_covered": 100.0, "percent_statements_covered_display": "100"}, "missing_lines": [], "excluded_lines": [], "start_line": 776}, "_get_dependency_version": {"executed_lines": [816, 820], "summary": {"covered_lines": 2, "num_statements": 2, "percent_covered": 100.0, "percent_covered_display": "100", "missing_lines": 0, "excluded_lines": 0, "percent_statements_covered": 100.0, "percent_statements_covered_display": "100"}, "missing_lines": [], "excluded_lines": [], "start_line": 814}, "_update_pyproject_toml": {"executed_lines": [830, 831, 832, 835, 836, 837, 838, 839, 840, 842, 847, 849, 850, 852, 853, 854, 855], "summary": {"covered_lines": 17, "num_statements": 18, "percent_covered": 94.44444444444444, "percent_covered_display": "94", "missing_lines": 1, "excluded_lines": 0, "percent_statements_covered": 94.44444444444444, "percent_statements_covered_display": "94"}, "missing_lines": [833], "excluded_lines": [], "start_line": 823}, "_add_drf_and_filter_dependencies": {"executed_lines": [867, 868, 870, 872, 873, 879, 880, 882, 883, 884, 886, 887, 888, 892, 893, 894, 898, 899], "summary": {"covered_lines": 18, "num_statements": 21, "percent_covered": 85.71428571428571, "percent_covered_display": "86", "missing_lines": 3, "excluded_lines": 0, "percent_statements_covered": 85.71428571428571, "percent_statements_covered_display": "86"}, "missing_lines": [903, 904, 909], "excluded_lines": [], "start_line": 858}, "_get_crm_settings_addition": {"executed_lines": [], "summary": {"covered_lines": 0, "num_statements": 4, "percent_covered": 0.0, "percent_covered_display": "0", "missing_lines": 4, "excluded_lines": 0, "percent_statements_covered": 0.0, "percent_statements_covered_display": "0"}, "missing_lines": [914, 920, 921, 939], "excluded_lines": [], "start_line": 912}, "_update_crm_urls": {"executed_lines": [], "summary": {"covered_lines": 0, "num_statements": 12, "percent_covered": 0.0, "percent_covered_display": "0", "missing_lines": 12, "excluded_lines": 0, "percent_statements_covered": 0.0, "percent_statements_covered_display": "0"}, "missing_lines": [944, 945, 947, 948, 950, 951, 953, 954, 955, 959, 960, 962], "excluded_lines": [], "start_line": 942}, "apply_crm_configuration": {"executed_lines": [967, 970, 971, 975, 978, 979, 980, 981], "summary": {"covered_lines": 8, "num_statements": 8, "percent_covered": 100.0, "percent_covered_display": "100", "missing_lines": 0, "excluded_lines": 0, "percent_statements_covered": 100.0, "percent_statements_covered_display": "100"}, "missing_lines": [], "excluded_lines": [], "start_line": 965}, "get_default_forms_config": {"executed_lines": [991], "summary": {"covered_lines": 1, "num_statements": 1, "percent_covered": 100.0, "percent_covered_display": "100", "missing_lines": 0, "excluded_lines": 0, "percent_statements_covered": 100.0, "percent_statements_covered_display": "100"}, "missing_lines": [], "excluded_lines": [], "start_line": 989}, "configure_forms_module": {"executed_lines": [], "summary": {"covered_lines": 0, "num_statements": 12, "percent_covered": 0.0, "percent_covered_display": "0", "missing_lines": 12, "excluded_lines": 0, "percent_statements_covered": 0.0, "percent_statements_covered_display": "0"}, "missing_lines": [1003, 1004, 1005, 1006, 1007, 1008, 1009, 1010, 1011, 1013, 1014, 1033], "excluded_lines": [], "start_line": 1001}, "apply_forms_configuration": {"executed_lines": [], "summary": {"covered_lines": 0, "num_statements": 10, "percent_covered": 0.0, "percent_covered_display": "0", "missing_lines": 10, "excluded_lines": 0, "percent_statements_covered": 0.0, "percent_statements_covered_display": "0"}, "missing_lines": [1038, 1041, 1042, 1046, 1047, 1048, 1049, 1052, 1053, 1054], "excluded_lines": [], "start_line": 1036}, "": {"executed_lines": [7, 8, 9, 10, 11, 12, 14, 16, 17, 23, 39, 52, 53, 59, 60, 63, 64, 67, 68, 72, 75, 89, 165, 171, 208, 219, 256, 342, 409, 422, 450, 475, 483, 507, 522, 529, 553, 659, 741, 761, 776, 814, 823, 858, 912, 942, 965, 989, 1001, 1036, 1063], "summary": {"covered_lines": 51, "num_statements": 51, "percent_covered": 100.0, "percent_covered_display": "100", "missing_lines": 0, "excluded_lines": 0, "percent_statements_covered": 100.0, "percent_statements_covered_display": "100"}, "missing_lines": [], "excluded_lines": [], "start_line": 1}}, "classes": {"AuthMigrationAssessment": {"executed_lines": [65], "summary": {"covered_lines": 1, "num_statements": 3, "percent_covered": 33.333333333333336, "percent_covered_display": "33", "missing_lines": 2, "excluded_lines": 0, "percent_statements_covered": 33.333333333333336, "percent_statements_covered_display": "33"}, "missing_lines": [61, 69], "excluded_lines": [], "start_line": 53}, "": {"executed_lines": [7, 8, 9, 10, 11, 12, 14, 16, 17, 23, 35, 36, 39, 49, 52, 53, 59, 60, 63, 64, 67, 68, 72, 75, 77, 89, 97, 98, 100, 101, 102, 107, 108, 122, 129, 130, 136, 137, 144, 150, 151, 165, 167, 168, 171, 208, 210, 219, 221, 222, 223, 224, 225, 226, 227, 229, 230, 232, 253, 256, 258, 259, 261, 262, 265, 267, 268, 274, 275, 279, 282, 283, 284, 286, 289, 290, 296, 297, 298, 299, 300, 301, 302, 307, 308, 313, 316, 317, 318, 319, 321, 326, 330, 331, 333, 335, 342, 344, 345, 346, 348, 350, 380, 381, 382, 385, 386, 387, 391, 392, 394, 397, 398, 399, 402, 403, 404, 406, 409, 411, 412, 414, 415, 416, 417, 418, 419, 422, 428, 429, 434, 436, 441, 442, 447, 450, 452, 453, 456, 457, 460, 463, 464, 465, 466, 467, 475, 477, 483, 485, 486, 487, 488, 489, 490, 492, 493, 495, 504, 507, 509, 512, 513, 514, 522, 524, 529, 531, 532, 533, 534, 535, 537, 538, 542, 550, 553, 555, 556, 558, 559, 561, 562, 565, 567, 582, 583, 584, 586, 589, 601, 605, 606, 624, 625, 626, 627, 628, 629, 630, 631, 632, 635, 640, 644, 645, 647, 648, 649, 650, 659, 661, 662, 664, 665, 667, 668, 669, 675, 676, 680, 682, 683, 684, 686, 689, 690, 696, 697, 698, 699, 701, 702, 703, 708, 709, 714, 716, 717, 718, 719, 720, 725, 729, 730, 732, 734, 741, 743, 746, 747, 749, 752, 753, 761, 763, 776, 778, 779, 780, 781, 782, 783, 784, 786, 787, 791, 811, 814, 816, 820, 823, 830, 831, 832, 835, 836, 837, 838, 839, 840, 842, 847, 849, 850, 852, 853, 854, 855, 858, 867, 868, 870, 872, 873, 879, 880, 882, 883, 884, 886, 887, 888, 892, 893, 894, 898, 899, 912, 942, 965, 967, 970, 971, 975, 978, 979, 980, 981, 989, 991, 1001, 1036, 1063], "summary": {"covered_lines": 324, "num_statements": 399, "percent_covered": 81.203007518797, "percent_covered_display": "81", "missing_lines": 75, "excluded_lines": 0, "percent_statements_covered": 81.203007518797, "percent_statements_covered_display": "81"}, "missing_lines": [116, 117, 123, 124, 131, 138, 139, 145, 159, 173, 174, 175, 176, 177, 179, 180, 182, 413, 568, 574, 575, 579, 590, 596, 597, 598, 599, 609, 610, 615, 616, 621, 652, 833, 903, 904, 909, 914, 920, 921, 939, 944, 945, 947, 948, 950, 951, 953, 954, 955, 959, 960, 962, 1003, 1004, 1005, 1006, 1007, 1008, 1009, 1010, 1011, 1013, 1014, 1033, 1038, 1041, 1042, 1046, 1047, 1048, 1049, 1052, 1053, 1054], "excluded_lines": [], "start_line": 1}}}, "quickscale_cli/src/quickscale_cli/commands/module_wiring_specs.py": {"executed_lines": [3, 5, 7, 10, 11, 12, 16, 17, 18, 22, 25, 29, 30, 32, 50, 68, 69, 70, 72, 75, 76, 78, 89, 96, 97, 98, 115, 116, 118, 124, 125, 141, 148, 190, 199, 203, 204, 205, 206, 208, 209], "summary": {"covered_lines": 41, "num_statements": 56, "percent_covered": 73.21428571428571, "percent_covered_display": "73", "missing_lines": 15, "excluded_lines": 0, "percent_statements_covered": 73.21428571428571, "percent_statements_covered_display": "73"}, "missing_lines": [14, 23, 24, 26, 27, 149, 150, 151, 152, 153, 155, 163, 167, 183, 207], "excluded_lines": [], "functions": {"_auth_wiring": {"executed_lines": [11, 12, 16, 17, 18, 22, 25, 29, 30, 32, 50], "summary": {"covered_lines": 11, "num_statements": 16, "percent_covered": 68.75, "percent_covered_display": "69", "missing_lines": 5, "excluded_lines": 0, "percent_statements_covered": 68.75, "percent_statements_covered_display": "69"}, "missing_lines": [14, 23, 24, 26, 27], "excluded_lines": [], "start_line": 10}, "_blog_wiring": {"executed_lines": [69, 70, 72, 75, 76, 78, 89], "summary": {"covered_lines": 7, "num_statements": 7, "percent_covered": 100.0, "percent_covered_display": "100", "missing_lines": 0, "excluded_lines": 0, "percent_statements_covered": 100.0, "percent_statements_covered_display": "100"}, "missing_lines": [], "excluded_lines": [], "start_line": 68}, "_listings_wiring": {"executed_lines": [97, 98], "summary": {"covered_lines": 2, "num_statements": 2, "percent_covered": 100.0, "percent_covered_display": "100", "missing_lines": 0, "excluded_lines": 0, "percent_statements_covered": 100.0, "percent_statements_covered_display": "100"}, "missing_lines": [], "excluded_lines": [], "start_line": 96}, "_crm_wiring": {"executed_lines": [116, 118, 124, 125, 141], "summary": {"covered_lines": 5, "num_statements": 5, "percent_covered": 100.0, "percent_covered_display": "100", "missing_lines": 0, "excluded_lines": 0, "percent_statements_covered": 100.0, "percent_statements_covered_display": "100"}, "missing_lines": [], "excluded_lines": [], "start_line": 115}, "_forms_wiring": {"executed_lines": [], "summary": {"covered_lines": 0, "num_statements": 9, "percent_covered": 0.0, "percent_covered_display": "0", "missing_lines": 9, "excluded_lines": 0, "percent_statements_covered": 0.0, "percent_statements_covered_display": "0"}, "missing_lines": [149, 150, 151, 152, 153, 155, 163, 167, 183], "excluded_lines": [], "start_line": 148}, "build_module_wiring_specs": {"executed_lines": [203, 204, 205, 206, 208, 209], "summary": {"covered_lines": 6, "num_statements": 7, "percent_covered": 85.71428571428571, "percent_covered_display": "86", "missing_lines": 1, "excluded_lines": 0, "percent_statements_covered": 85.71428571428571, "percent_statements_covered_display": "86"}, "missing_lines": [207], "excluded_lines": [], "start_line": 199}, "": {"executed_lines": [3, 5, 7, 10, 68, 96, 115, 148, 190, 199], "summary": {"covered_lines": 10, "num_statements": 10, "percent_covered": 100.0, "percent_covered_display": "100", "missing_lines": 0, "excluded_lines": 0, "percent_statements_covered": 100.0, "percent_statements_covered_display": "100"}, "missing_lines": [], "excluded_lines": [], "start_line": 1}}, "classes": {"": {"executed_lines": [3, 5, 7, 10, 11, 12, 16, 17, 18, 22, 25, 29, 30, 32, 50, 68, 69, 70, 72, 75, 76, 78, 89, 96, 97, 98, 115, 116, 118, 124, 125, 141, 148, 190, 199, 203, 204, 205, 206, 208, 209], "summary": {"covered_lines": 41, "num_statements": 56, "percent_covered": 73.21428571428571, "percent_covered_display": "73", "missing_lines": 15, "excluded_lines": 0, "percent_statements_covered": 73.21428571428571, "percent_statements_covered_display": "73"}, "missing_lines": [14, 23, 24, 26, 27, 149, 150, 151, 152, 153, 155, 163, 167, 183, 207], "excluded_lines": [], "start_line": 1}}}, "quickscale_cli/src/quickscale_cli/commands/plan_command.py": {"executed_lines": [7, 8, 9, 11, 13, 14, 22, 23, 26, 33, 37, 38, 41, 43, 44, 48, 50, 51, 52, 56, 58, 59, 69, 71, 72, 73, 74, 76, 77, 85, 86, 88, 90, 91, 97, 108, 109, 110, 111, 122, 134, 135, 137, 138, 140, 141, 142, 143, 145, 148, 150, 151, 152, 156, 157, 159, 163, 164, 170, 171, 176, 178, 179, 180, 181, 189, 192, 199, 202, 203, 205, 206, 207, 208, 209, 213, 215, 217, 220, 227, 228, 230, 231, 233, 236, 238, 239, 240, 241, 243, 246, 256, 257, 260, 261, 262, 265, 267, 268, 269, 272, 276, 277, 281, 291, 302, 303, 305, 306, 308, 309, 310, 311, 312, 319, 320, 322, 325, 341, 343, 348, 349, 350, 351, 353, 355, 359, 360, 366, 367, 372, 385, 386, 389, 392, 393, 396, 401, 402, 403, 406, 407, 410, 411, 413, 421, 436, 437, 440, 443, 444, 445, 446, 447, 450, 451, 452, 455, 460, 461, 462, 464, 467, 468, 471, 481, 482, 483, 489, 490, 493, 497, 498, 499, 502, 506, 507, 508, 509, 510, 511, 514, 527, 528, 531, 532, 534, 543, 547, 548, 549, 552
[...]
, 27, 28, 29, 30, 31, 34, 38, 41, 45, 46, 47, 48, 50, 51, 52, 55, 56, 58, 59, 60, 61, 63, 66, 68, 70, 71, 72, 74, 84, 86, 88, 94, 95, 99, 100, 108, 115, 120, 121, 123, 124, 126, 127], "summary": {"covered_lines": 55, "num_statements": 55, "percent_covered": 100.0, "percent_covered_display": "100", "missing_lines": 0, "excluded_lines": 0, "percent_statements_covered": 100.0, "percent_statements_covered_display": "100"}, "missing_lines": [], "excluded_lines": [], "functions": {"_merge_unique": {"executed_lines": [27, 28, 29, 30, 31], "summary": {"covered_lines": 5, "num_statements": 5, "percent_covered": 100.0, "percent_covered_display": "100", "missing_lines": 0, "excluded_lines": 0, "percent_statements_covered": 100.0, "percent_statements_covered_display": "100"}, "missing_lines": [], "excluded_lines": [], "start_line": 25}, "_sort_module_items": {"executed_lines": [38], "summary": {"covered_lines": 1, "num_statements": 1, "percent_covered": 100.0, "percent_covered_display": "100", "missing_lines": 0, "excluded_lines": 0, "percent_statements_covered": 100.0, "percent_statements_covered_display": "100"}, "missing_lines": [], "excluded_lines": [], "start_line": 34}, "collect_wiring": {"executed_lines": [45, 46, 47, 48, 50, 51, 52, 55, 56, 58, 59, 60, 61, 63], "summary": {"covered_lines": 14, "num_statements": 14, "percent_covered": 100.0, "percent_covered_display": "100", "missing_lines": 0, "excluded_lines": 0, "percent_statements_covered": 100.0, "percent_statements_covered_display": "100"}, "missing_lines": [], "excluded_lines": [], "start_line": 41}, "render_settings_modules_py": {"executed_lines": [68, 70, 71, 72, 74], "summary": {"covered_lines": 5, "num_statements": 5, "percent_covered": 100.0, "percent_covered_display": "100", "missing_lines": 0, "excluded_lines": 0, "percent_statements_covered": 100.0, "percent_statements_covered_display": "100"}, "missing_lines": [], "excluded_lines": [], "start_line": 66}, "render_urls_modules_py": {"executed_lines": [86, 88, 94, 95, 99, 100, 108], "summary": {"covered_lines": 7, "num_statements": 7, "percent_covered": 100.0, "percent_covered_display": "100", "missing_lines": 0, "excluded_lines": 0, "percent_statements_covered": 100.0, "percent_statements_covered_display": "100"}, "missing_lines": [], "excluded_lines": [], "start_line": 84}, "write_managed_wiring": {"executed_lines": [120, 121, 123, 124, 126, 127], "summary": {"covered_lines": 6, "num_statements": 6, "percent_covered": 100.0, "percent_covered_display": "100", "missing_lines": 0, "excluded_lines": 0, "percent_statements_covered": 100.0, "percent_statements_covered_display": "100"}, "missing_lines": [], "excluded_lines": [], "start_line": 115}, "": {"executed_lines": [7, 9, 10, 11, 12, 15, 16, 19, 20, 21, 22, 25, 34, 41, 66, 84, 115], "summary": {"covered_lines": 17, "num_statements": 17, "percent_covered": 100.0, "percent_covered_display": "100", "missing_lines": 0, "excluded_lines": 0, "percent_statements_covered": 100.0, "percent_statements_covered_display": "100"}, "missing_lines": [], "excluded_lines": [], "start_line": 1}}, "classes": {"ModuleWiringSpec": {"executed_lines": [], "summary": {"covered_lines": 0, "num_statements": 0, "percent_covered": 100.0, "percent_covered_display": "100", "missing_lines": 0, "excluded_lines": 0, "percent_statements_covered": 100.0, "percent_statements_covered_display": "100"}, "missing_lines": [], "excluded_lines": [], "start_line": 16}, "": {"executed_lines": [7, 9, 10, 11, 12, 15, 16, 19, 20, 21, 22, 25, 27, 28, 29, 30, 31, 34, 38, 41, 45, 46, 47, 48, 50, 51, 52, 55, 56, 58, 59, 60, 61, 63, 66, 68, 70, 71, 72, 74, 84, 86, 88, 94, 95, 99, 100, 108, 115, 120, 121, 123, 124, 126, 127], "summary": {"covered_lines": 55, "num_statements": 55, "percent_covered": 100.0, "percent_covered_display": "100", "missing_lines": 0, "excluded_lines": 0, "percent_statements_covered": 100.0, "percent_statements_covered_display": "100"}, "missing_lines": [], "excluded_lines": [], "start_line": 1}}}, "quickscale_core/src/quickscale_core/settings_manager.py": {"executed_lines": [6, 7, 8, 10, 13, 16, 19, 24, 25, 26, 27, 28, 29, 30, 31, 32, 34, 35, 36, 37, 38, 39, 40, 41, 42, 44, 50, 52, 55, 57, 58, 61, 63, 64, 67, 69, 73, 76, 78, 79, 82, 84, 85, 86, 87, 88, 89, 90, 91, 92, 93, 94, 95, 96, 97, 98, 101, 115, 116, 118, 119, 120, 121, 124, 128, 131, 133, 141, 143, 144, 145, 146, 148, 151, 164, 165, 166, 167, 168, 171, 186, 187, 189, 190, 191, 192, 195, 196, 198, 199, 201, 204, 206, 208, 209, 210, 212, 215, 229, 230, 231, 232, 241, 243, 245, 247, 248, 256], "summary": {"covered_lines": 108, "num_statements": 108, "percent_covered": 100.0, "percent_covered_display": "100", "missing_lines": 0, "excluded_lines": 0, "percent_statements_covered": 100.0, "percent_statements_covered_display": "100"}, "missing_lines": [], "excluded_lines": [], "functions": {"_resolve_package_name": {"executed_lines": [24, 25, 26, 27, 28, 29, 30, 31, 32, 34, 35, 36, 37, 38, 39, 40, 41, 42, 44], "summary": {"covered_lines": 19, "num_statements": 19, "percent_covered": 100.0, "percent_covered_display": "100", "missing_lines": 0, "excluded_lines": 0, "percent_statements_covered": 100.0, "percent_statements_covered_display": "100"}, "missing_lines": [], "excluded_lines": [], "start_line": 19}, "_bool_to_string": {"executed_lines": [52], "summary": {"covered_lines": 1, "num_statements": 1, "percent_covered": 100.0, "percent_covered_display": "100", "missing_lines": 0, "excluded_lines": 0, "percent_statements_covered": 100.0, "percent_statements_covered_display": "100"}, "missing_lines": [], "excluded_lines": [], "start_line": 50}, "_str_to_string": {"executed_lines": [57, 58], "summary": {"covered_lines": 2, "num_statements": 2, "percent_covered": 100.0, "percent_covered_display": "100", "missing_lines": 0, "excluded_lines": 0, "percent_statements_covered": 100.0, "percent_statements_covered_display": "100"}, "missing_lines": [], "excluded_lines": [], "start_line": 55}, "_list_to_string": {"executed_lines": [63, 64], "summary": {"covered_lines": 2, "num_statements": 2, "percent_covered": 100.0, "percent_covered_display": "100", "missing_lines": 0, "excluded_lines": 0, "percent_statements_covered": 100.0, "percent_statements_covered_display": "100"}, "missing_lines": [], "excluded_lines": [], "start_line": 61}, "_dict_to_string": {"executed_lines": [69, 73], "summary": {"covered_lines": 2, "num_statements": 2, "percent_covered": 100.0, "percent_covered_display": "100", "missing_lines": 0, "excluded_lines": 0, "percent_statements_covered": 100.0, "percent_statements_covered_display": "100"}, "missing_lines": [], "excluded_lines": [], "start_line": 67}, "_set_to_string": {"executed_lines": [78, 79], "summary": {"covered_lines": 2, "num_statements": 2, "percent_covered": 100.0, "percent_covered_display": "100", "missing_lines": 0, "excluded_lines": 0, "percent_statements_covered": 100.0, "percent_statements_covered_display": "100"}, "missing_lines": [], "excluded_lines": [], "start_line": 76}, "_python_value_to_string": {"executed_lines": [84, 85, 86, 87, 88, 89, 90, 91, 92, 93, 94, 95, 96, 97, 98], "summary": {"covered_lines": 15, "num_statements": 15, "percent_covered": 100.0, "percent_covered_display": "100", "missing_lines": 0, "excluded_lines": 0, "percent_statements_covered": 100.0, "percent_statements_covered_display": "100"}, "missing_lines": [], "excluded_lines": [], "start_line": 82}, "update_setting": {"executed_lines": [115, 116, 118, 119, 120, 121, 124, 128, 131, 133, 141, 143, 144, 145, 146, 148], "summary": {"covered_lines": 16, "num_statements": 16, "percent_covered": 100.0, "percent_covered_display": "100", "missing_lines": 0, "excluded_lines": 0, "percent_statements_covered": 100.0, "percent_statements_covered_display": "100"}, "missing_lines": [], "excluded_lines": [], "start_line": 101}, "update_multiple_settings": {"executed_lines": [164, 165, 166, 167, 168], "summary": {"covered_lines": 5, "num_statements": 5, "percent_covered": 100.0, "percent_covered_display": "100", "missing_lines": 0, "excluded_lines": 0, "percent_statements_covered": 100.0, "percent_statements_covered_display": "100"}, "missing_lines": [], "excluded_lines": [], "start_line": 151}, "get_setting_value": {"executed_lines": [186, 187, 189, 190, 191, 192, 195, 196, 198, 199, 201, 204, 206, 208, 209, 210, 212], "summary": {"covered_lines": 17, "num_statements": 17, "percent_covered": 100.0, "percent_covered_display": "100", "missing_lines": 0, "excluded_lines": 0, "percent_statements_covered": 100.0, "percent_statements_covered_display": "100"}, "missing_lines": [], "excluded_lines": [], "start_line": 171}, "apply_mutable_config_changes": {"executed_lines": [229, 230, 231, 232, 241, 243, 245, 247, 248, 256], "summary": {"covered_lines": 10, "num_statements": 10, "percent_covered": 100.0, "percent_covered_display": "100", "missing_lines": 0, "excluded_lines": 0, "percent_statements_covered": 100.0, "percent_statements_covered_display": "100"}, "missing_lines": [], "excluded_lines": [], "start_line": 215}, "": {"executed_lines": [6, 7, 8, 10, 13, 16, 19, 50, 55, 61, 67, 76, 82, 101, 151, 171, 215], "summary": {"covered_lines": 17, "num_statements": 17, "percent_covered": 100.0, "percent_covered_display": "100", "missing_lines": 0, "excluded_lines": 0, "percent_statements_covered": 100.0, "percent_statements_covered_display": "100"}, "missing_lines": [], "excluded_lines": [], "start_line": 1}}, "classes": {"SettingsError": {"executed_lines": [], "summary": {"covered_lines": 0, "num_statements": 0, "percent_covered": 100.0, "percent_covered_display": "100", "missing_lines": 0, "excluded_lines": 0, "percent_statements_covered": 100.0, "percent_statements_covered_display": "100"}, "missing_lines": [], "excluded_lines": [], "start_line": 13}, "": {"executed_lines": [6, 7, 8, 10, 13, 16, 19, 24, 25, 26, 27, 28, 29, 30, 31, 32, 34, 35, 36, 37, 38, 39, 40, 41, 42, 44, 50, 52, 55, 57, 58, 61, 63, 64, 67, 69, 73, 76, 78, 79, 82, 84, 85, 86, 87, 88, 89, 90, 91, 92, 93, 94, 95, 96, 97, 98, 101, 115, 116, 118, 119, 120, 121, 124, 128, 131, 133, 141, 143, 144, 145, 146, 148, 151, 164, 165, 166, 167, 168, 171, 186, 187, 189, 190, 191, 192, 195, 196, 198, 199, 201, 204, 206, 208, 209, 210, 212, 215, 229, 230, 231, 232, 241, 243, 245, 247, 248, 256], "summary": {"covered_lines": 108, "num_statements": 108, "percent_covered": 100.0, "percent_covered_display": "100", "missing_lines": 0, "excluded_lines": 0, "percent_statements_covered": 100.0, "percent_statements_covered_display": "100"}, "missing_lines": [], "excluded_lines": [], "start_line": 1}}}, "quickscale_core/src/quickscale_core/utils/__init__.py": {"executed_lines": [7, 13], "summary": {"covered_lines": 2, "num_statements": 2, "percent_covered": 100.0, "percent_covered_display": "100", "missing_lines": 0, "excluded_lines": 0, "percent_statements_covered": 100.0, "percent_statements_covered_display": "100"}, "missing_lines": [], "excluded_lines": [], "functions": {"": {"executed_lines": [7, 13], "summary": {"covered_lines": 2, "num_statements": 2, "percent_covered": 100.0, "percent_covered_display": "100", "missing_lines": 0, "excluded_lines": 0, "percent_statements_covered": 100.0, "percent_statements_covered_display": "100"}, "missing_lines": [], "excluded_lines": [], "start_line": 1}}, "classes": {"": {"executed_lines": [7, 13], "summary": {"covered_lines": 2, "num_statements": 2, "percent_covered": 100.0, "percent_covered_display": "100", "missing_lines": 0, "excluded_lines": 0, "percent_statements_covered": 100.0, "percent_statements_covered_display": "100"}, "missing_lines": [], "excluded_lines": [], "start_line": 1}}}, "quickscale_core/src/quickscale_core/utils/file_utils.py": {"executed_lines": [3, 4, 5, 8, 22, 28, 29, 32, 34, 35, 37, 38, 40, 41, 43, 44, 48, 49, 55, 58, 60, 63, 66, 69, 72, 73, 74], "summary": {"covered_lines": 27, "num_statements": 27, "percent_covered": 100.0, "percent_covered_display": "100", "missing_lines": 0, "excluded_lines": 0, "percent_statements_covered": 100.0, "percent_statements_covered_display": "100"}, "missing_lines": [], "excluded_lines": [], "functions": {"validate_project_name": {"executed_lines": [28, 29, 32, 34, 35, 37, 38, 40, 41, 43, 44, 48, 49, 55], "summary": {"covered_lines": 14, "num_statements": 14, "percent_covered": 100.0, "percent_covered_display": "100", "missing_lines": 0, "excluded_lines": 0, "percent_statements_covered": 100.0, "percent_statements_covered_display": "100"}, "missing_lines": [], "excluded_lines": [], "start_line": 22}, "ensure_directory": {"executed_lines": [60], "summary": {"covered_lines": 1, "num_statements": 1, "percent_covered": 100.0, "percent_covered_display": "100", "missing_lines": 0, "excluded_lines": 0, "percent_statements_covered": 100.0, "percent_statements_covered_display": "100"}, "missing_lines": [], "excluded_lines": [], "start_line": 58}, "write_file": {"executed_lines": [66, 69, 72, 73, 74], "summary": {"covered_lines": 5, "num_statements": 5, "percent_covered": 100.0, "percent_covered_display": "100", "missing_lines": 0, "excluded_lines": 0, "percent_statements_covered": 100.0, "percent_statements_covered_display": "100"}, "missing_lines": [], "excluded_lines": [], "start_line": 63}, "": {"executed_lines": [3, 4, 5, 8, 22, 58, 63], "summary": {"covered_lines": 7, "num_statements": 7, "percent_covered": 100.0, "percent_covered_display": "100", "missing_lines": 0, "excluded_lines": 0, "percent_statements_covered": 100.0, "percent_statements_covered_display": "100"}, "missing_lines": [], "excluded_lines": [], "start_line": 1}}, "classes": {"": {"executed_lines": [3, 4, 5, 8, 22, 28, 29, 32, 34, 35, 37, 38, 40, 41, 43, 44, 48, 49, 55, 58, 60, 63, 66, 69, 72, 73, 74], "summary": {"covered_lines": 27, "num_statements": 27, "percent_covered": 100.0, "percent_covered_display": "100", "missing_lines": 0, "excluded_lines": 0, "percent_statements_covered": 100.0, "percent_statements_covered_display": "100"}, "missing_lines": [], "excluded_lines": [], "start_line": 1}}}, "quickscale_core/src/quickscale_core/utils/git_utils.py": {"executed_lines": [3, 4, 7, 10, 13, 15, 16, 17, 24, 25, 26, 29, 31, 32, 33, 40, 41, 42, 45, 49, 50, 51, 58, 59, 60, 63, 67, 68, 69, 70, 72, 73, 74, 75, 78, 82, 83, 84, 85, 87, 88, 91, 92, 93, 96, 100, 101, 103, 104, 105, 106, 109, 111, 112, 113, 120, 121, 122], "summary": {"covered_lines": 58, "num_statements": 58, "percent_covered": 100.0, "percent_covered_display": "100", "missing_lines": 0, "excluded_lines": 0, "percent_statements_covered": 100.0, "percent_statements_covered_display": "100"}, "missing_lines": [], "excluded_lines": [], "functions": {"is_git_repo": {"executed_lines": [15, 16, 17, 24, 25, 26], "summary": {"covered_lines": 6, "num_statements": 6, "percent_covered": 100.0, "percent_covered_display": "100", "missing_lines": 0, "excluded_lines": 0, "percent_statements_covered": 100.0, "percent_statements_covered_display": "100"}, "missing_lines": [], "excluded_lines": [], "start_line": 13}, "is_working_directory_clean": {"executed_lines": [31, 32, 33, 40, 41, 42], "summary": {"covered_lines": 6, "num_statements": 6, "percent_covered": 100.0, "percent_covered_display": "100", "missing_lines": 0, "excluded_lines": 0, "percent_statements_covered": 100.0, "percent_statements_covered_display": "100"}, "missing_lines": [], "excluded_lines": [], "start_line": 29}, "check_remote_branch_exists": {"executed_lines": [49, 50, 51, 58, 59, 60], "summary": {"covered_lines": 6, "num_statements": 6, "percent_covered": 100.0, "percent_covered_display": "100", "missing_lines": 0, "excluded_lines": 0, "percent_statements_covered": 100.0, "percent_statements_covered_display": "100"}, "missing_lines": [], "excluded_lines": [], "start_line": 45}, "run_git_subtree_add": {"executed_lines": [67, 68, 69, 70, 72, 73, 74, 75], "summary": {"covered_lines": 8, "num_statements": 8, "percent_covered": 100.0, "percent_covered_display": "100", "missing_lines": 0, "excluded_lines": 0, "percent_statements_covered": 100.0, "percent_statements_covered_display": "100"}, "missing_lines": [], "excluded_lines": [], "start_line": 63}, "run_git_subtree_pull": {"executed_lines": [82, 83, 84, 85, 87, 88, 91, 92, 93], "summary": {"covered_lines": 9, "num_statements": 9, "percent_covered": 100.0, "percent_covered_display": "100", "missing_lines": 0, "excluded_lines": 0, "percent_statements_covered": 100.0, "percent_statements_covered_display": "100"}, "missing_lines": [], "excluded_lines": [], "start_line": 78}, "run_git_subtree_push": {"executed_lines": [100, 101, 103, 104, 105, 106], "summary": {"covered_lines": 6, "num_statements": 6, "percent_covered": 100.0, "percent_covered_display": "100", "missing_lines": 0, "excluded_lines": 0, "percent_statements_covered": 100.0, "percent_statements_covered_display": "100"}, "missing_lines": [], "excluded_lines": [], "start_line": 96}, "get_remote_url": {"executed_lines": [111, 112, 113, 120, 121, 122], "summary": {"covered_lines": 6, "num_statements": 6, "percent_covered": 100.0, "percent_covered_display": "100", "missing_lines": 0, "excluded_lines": 0, "percent_statements_covered": 100.0, "percent_statements_covered_display": "100"}, "missing_lines": [], "excluded_lines": [], "start_line": 109}, "": {"executed_lines": [3, 4, 7, 10, 13, 29, 45, 63, 78, 96, 109], "summary": {"covered_lines": 11, "num_statements": 11, "percent_covered": 100.0, "percent_covered_display": "100", "missing_lines": 0, "excluded_lines": 0, "percent_statements_covered": 100.0, "percent_statements_covered_display": "100"}, "missing_lines": [], "excluded_lines": [], "start_line": 1}}, "classes": {"GitError": {"executed_lines": [], "summary": {"covered_lines": 0, "num_statements": 0, "percent_covered": 100.0, "percent_covered_display": "100", "missing_lines": 0, "excluded_lines": 0, "percent_statements_covered": 100.0, "percent_statements_covered_display": "100"}, "missing_lines": [], "excluded_lines": [], "start_line": 7}, "": {"executed_lines": [3, 4, 7, 10, 13, 15, 16, 17, 24, 25, 26, 29, 31, 32, 33, 40, 41, 42, 45, 49, 50, 51, 58, 59, 60, 63, 67, 68, 69, 70, 72, 73, 74, 75, 78, 82, 83, 84, 85, 87, 88, 91, 92, 93, 96, 100, 101, 103, 104, 105, 106, 109, 111, 112, 113, 120, 121, 122], "summary": {"covered_lines": 58, "num_statements": 58, "percent_covered": 100.0, "percent_covered_display": "100", "missing_lines": 0, "excluded_lines": 0, "percent_statements_covered": 100.0, "percent_statements_covered_display": "100"}, "missing_lines": [], "excluded_lines": [], "start_line": 1}}}, "quickscale_core/src/quickscale_core/version.py": {"executed_lines": [8, 10, 12, 13, 16, 19, 20, 22, 23, 24, 25, 27, 31, 32], "summary": {"covered_lines": 14, "num_statements": 14, "percent_covered": 100.0, "percent_covered_display": "100", "missing_lines": 0, "excluded_lines": 0, "percent_statements_covered": 100.0, "percent_statements_covered_display": "100"}, "missing_lines": [], "excluded_lines": [], "functions": {"": {"executed_lines": [8, 10, 12, 13, 16, 19, 20, 22, 23, 24, 25, 27, 31, 32], "summary": {"covered_lines": 14, "num_statements": 14, "percent_covered": 100.0, "percent_covered_display": "100", "missing_lines": 0, "excluded_lines": 0, "percent_statements_covered": 100.0, "percent_statements_covered_display": "100"}, "missing_lines": [], "excluded_lines": [], "start_line": 1}}, "classes": {"": {"executed_lines": [8, 10, 12, 13, 16, 19, 20, 22, 23, 24, 25, 27, 31, 32], "summary": {"covered_lines": 14, "num_statements": 14, "percent_covered": 100.0, "percent_covered_display": "100", "missing_lines": 0, "excluded_lines": 0, "percent_statements_covered": 100.0, "percent_statements_covered_display": "100"}, "missing_lines": [], "excluded_lines": [], "start_line": 1}}}}, "totals": {"covered_lines": 3732, "num_statements": 4054, "percent_covered": 92.05722742969907, "percent_covered_display": "92", "missing_lines": 322, "excluded_lines": 2, "percent_statements_covered": 92.05722742969907, "percent_statements_covered_display": "92"}}
